milliseconds;time;error;message

[1480229640997] [Sun, 27 Nov 2016 06:54:00 GMT] [error] [Command failed: C:\WINDOWS\system32\cmd.exe /s /c "browserify ./dist/views/app.jsx -o ./dist/public/js/bundle.js"
Error: Parsing file E:\GIT FILES\Sites\bubble\dist\views\jsx\layout.jsx: Unexpected token (66:10)
    at Deps.parseDeps (C:\Users\trash\AppData\Roaming\npm\node_modules\browserify\node_modules\module-deps\index.js:453:28)
    at fromSource (C:\Users\trash\AppData\Roaming\npm\node_modules\browserify\node_modules\module-deps\index.js:390:44)
    at C:\Users\trash\AppData\Roaming\npm\node_modules\browserify\node_modules\module-deps\index.js:384:17
    at ConcatStream.<anonymous> (C:\Users\trash\AppData\Roaming\npm\node_modules\browserify\node_modules\concat-stream\index.js:36:43)
    at emitNone (events.js:72:20)
    at ConcatStream.emit (events.js:166:7)
    at finishMaybe (C:\Users\trash\AppData\Roaming\npm\node_modules\browserify\node_modules\concat-stream\node_modules\readable-stream\lib\_stream_writable.js:475:14)
    at endWritable (C:\Users\trash\AppData\Roaming\npm\node_modules\browserify\node_modules\concat-stream\node_modules\readable-stream\lib\_stream_writable.js:485:3)
    at ConcatStream.Writable.end (C:\Users\trash\AppData\Roaming\npm\node_modules\browserify\node_modules\concat-stream\node_modules\readable-stream\lib\_stream_writable.js:455:41)
    at DuplexWrapper.onend (C:\Users\trash\AppData\Roaming\npm\node_modules\browserify\node_modules\readable-stream\lib\_stream_readable.js:507:10)
]
[1480232821350] [Sun, 27 Nov 2016 07:47:01 GMT] [error] [Command failed: C:\WINDOWS\system32\cmd.exe /s /c "browserify ./dist/views/app.jsx -o ./dist/public/js/bundle.js"
Error: Parsing file E:\GIT FILES\Sites\bubble\dist\views\jsx\components\user\follow-streams.jsx: Unexpected token (407:26)
    at Deps.parseDeps (C:\Users\trash\AppData\Roaming\npm\node_modules\browserify\node_modules\module-deps\index.js:453:28)
    at fromSource (C:\Users\trash\AppData\Roaming\npm\node_modules\browserify\node_modules\module-deps\index.js:390:44)
    at C:\Users\trash\AppData\Roaming\npm\node_modules\browserify\node_modules\module-deps\index.js:384:17
    at ConcatStream.<anonymous> (C:\Users\trash\AppData\Roaming\npm\node_modules\browserify\node_modules\concat-stream\index.js:36:43)
    at emitNone (events.js:72:20)
    at ConcatStream.emit (events.js:166:7)
    at finishMaybe (C:\Users\trash\AppData\Roaming\npm\node_modules\browserify\node_modules\concat-stream\node_modules\readable-stream\lib\_stream_writable.js:475:14)
    at endWritable (C:\Users\trash\AppData\Roaming\npm\node_modules\browserify\node_modules\concat-stream\node_modules\readable-stream\lib\_stream_writable.js:485:3)
    at ConcatStream.Writable.end (C:\Users\trash\AppData\Roaming\npm\node_modules\browserify\node_modules\concat-stream\node_modules\readable-stream\lib\_stream_writable.js:455:41)
    at DuplexWrapper.onend (C:\Users\trash\AppData\Roaming\npm\node_modules\browserify\node_modules\readable-stream\lib\_stream_readable.js:507:10)
]
[1480232967729] [Sun, 27 Nov 2016 07:49:27 GMT] [error] [Command failed: C:\WINDOWS\system32\cmd.exe /s /c "browserify ./dist/views/app.jsx -o ./dist/public/js/bundle.js"
Error: Parsing file E:\GIT FILES\Sites\bubble\dist\views\jsx\layout.jsx: Unexpected token (75:32)
    at Deps.parseDeps (C:\Users\trash\AppData\Roaming\npm\node_modules\browserify\node_modules\module-deps\index.js:453:28)
    at fromSource (C:\Users\trash\AppData\Roaming\npm\node_modules\browserify\node_modules\module-deps\index.js:390:44)
    at C:\Users\trash\AppData\Roaming\npm\node_modules\browserify\node_modules\module-deps\index.js:384:17
    at ConcatStream.<anonymous> (C:\Users\trash\AppData\Roaming\npm\node_modules\browserify\node_modules\concat-stream\index.js:36:43)
    at emitNone (events.js:72:20)
    at ConcatStream.emit (events.js:166:7)
    at finishMaybe (C:\Users\trash\AppData\Roaming\npm\node_modules\browserify\node_modules\concat-stream\node_modules\readable-stream\lib\_stream_writable.js:475:14)
    at endWritable (C:\Users\trash\AppData\Roaming\npm\node_modules\browserify\node_modules\concat-stream\node_modules\readable-stream\lib\_stream_writable.js:485:3)
    at ConcatStream.Writable.end (C:\Users\trash\AppData\Roaming\npm\node_modules\browserify\node_modules\concat-stream\node_modules\readable-stream\lib\_stream_writable.js:455:41)
    at DuplexWrapper.onend (C:\Users\trash\AppData\Roaming\npm\node_modules\browserify\node_modules\readable-stream\lib\_stream_readable.js:507:10)
]
[1480233053973] [Sun, 27 Nov 2016 07:50:53 GMT] [error] [Command failed: C:\WINDOWS\system32\cmd.exe /s /c "browserify ./dist/views/app.jsx -o ./dist/public/js/bundle.js"
Error: Parsing file E:\GIT FILES\Sites\bubble\dist\views\jsx\layout.jsx: Unexpected token (75:32)
    at Deps.parseDeps (C:\Users\trash\AppData\Roaming\npm\node_modules\browserify\node_modules\module-deps\index.js:453:28)
    at fromSource (C:\Users\trash\AppData\Roaming\npm\node_modules\browserify\node_modules\module-deps\index.js:390:44)
    at C:\Users\trash\AppData\Roaming\npm\node_modules\browserify\node_modules\module-deps\index.js:384:17
    at ConcatStream.<anonymous> (C:\Users\trash\AppData\Roaming\npm\node_modules\browserify\node_modules\concat-stream\index.js:36:43)
    at emitNone (events.js:72:20)
    at ConcatStream.emit (events.js:166:7)
    at finishMaybe (C:\Users\trash\AppData\Roaming\npm\node_modules\browserify\node_modules\concat-stream\node_modules\readable-stream\lib\_stream_writable.js:475:14)
    at endWritable (C:\Users\trash\AppData\Roaming\npm\node_modules\browserify\node_modules\concat-stream\node_modules\readable-stream\lib\_stream_writable.js:485:3)
    at ConcatStream.Writable.end (C:\Users\trash\AppData\Roaming\npm\node_modules\browserify\node_modules\concat-stream\node_modules\readable-stream\lib\_stream_writable.js:455:41)
    at DuplexWrapper.onend (C:\Users\trash\AppData\Roaming\npm\node_modules\browserify\node_modules\readable-stream\lib\_stream_readable.js:507:10)
]
[1480233094646] [Sun, 27 Nov 2016 07:51:34 GMT] [error] [Command failed: C:\WINDOWS\system32\cmd.exe /s /c "browserify ./dist/views/app.jsx -o ./dist/public/js/bundle.js"
Error: Parsing file E:\GIT FILES\Sites\bubble\dist\views\jsx\layout.jsx: Unexpected token (75:32)
    at Deps.parseDeps (C:\Users\trash\AppData\Roaming\npm\node_modules\browserify\node_modules\module-deps\index.js:453:28)
    at fromSource (C:\Users\trash\AppData\Roaming\npm\node_modules\browserify\node_modules\module-deps\index.js:390:44)
    at C:\Users\trash\AppData\Roaming\npm\node_modules\browserify\node_modules\module-deps\index.js:384:17
    at ConcatStream.<anonymous> (C:\Users\trash\AppData\Roaming\npm\node_modules\browserify\node_modules\concat-stream\index.js:36:43)
    at emitNone (events.js:72:20)
    at ConcatStream.emit (events.js:166:7)
    at finishMaybe (C:\Users\trash\AppData\Roaming\npm\node_modules\browserify\node_modules\concat-stream\node_modules\readable-stream\lib\_stream_writable.js:475:14)
    at endWritable (C:\Users\trash\AppData\Roaming\npm\node_modules\browserify\node_modules\concat-stream\node_modules\readable-stream\lib\_stream_writable.js:485:3)
    at ConcatStream.Writable.end (C:\Users\trash\AppData\Roaming\npm\node_modules\browserify\node_modules\concat-stream\node_modules\readable-stream\lib\_stream_writable.js:455:41)
    at DuplexWrapper.onend (C:\Users\trash\AppData\Roaming\npm\node_modules\browserify\node_modules\readable-stream\lib\_stream_readable.js:507:10)
]
[1480233243494] [Sun, 27 Nov 2016 07:54:03 GMT] [error] [Command failed: C:\WINDOWS\system32\cmd.exe /s /c "browserify ./dist/views/app.jsx -o ./dist/public/js/bundle.js"
Error: Parsing file E:\GIT FILES\Sites\bubble\dist\views\jsx\layout.jsx: Unexpected token (75:32)
    at Deps.parseDeps (C:\Users\trash\AppData\Roaming\npm\node_modules\browserify\node_modules\module-deps\index.js:453:28)
    at fromSource (C:\Users\trash\AppData\Roaming\npm\node_modules\browserify\node_modules\module-deps\index.js:390:44)
    at C:\Users\trash\AppData\Roaming\npm\node_modules\browserify\node_modules\module-deps\index.js:384:17
    at ConcatStream.<anonymous> (C:\Users\trash\AppData\Roaming\npm\node_modules\browserify\node_modules\concat-stream\index.js:36:43)
    at emitNone (events.js:72:20)
    at ConcatStream.emit (events.js:166:7)
    at finishMaybe (C:\Users\trash\AppData\Roaming\npm\node_modules\browserify\node_modules\concat-stream\node_modules\readable-stream\lib\_stream_writable.js:475:14)
    at endWritable (C:\Users\trash\AppData\Roaming\npm\node_modules\browserify\node_modules\concat-stream\node_modules\readable-stream\lib\_stream_writable.js:485:3)
    at ConcatStream.Writable.end (C:\Users\trash\AppData\Roaming\npm\node_modules\browserify\node_modules\concat-stream\node_modules\readable-stream\lib\_stream_writable.js:455:41)
    at DuplexWrapper.onend (C:\Users\trash\AppData\Roaming\npm\node_modules\browserify\node_modules\readable-stream\lib\_stream_readable.js:507:10)
]
[1480233250921] [Sun, 27 Nov 2016 07:54:10 GMT] [error] [Command failed: C:\WINDOWS\system32\cmd.exe /s /c "browserify ./dist/views/app.jsx -o ./dist/public/js/bundle.js"
Error: Parsing file E:\GIT FILES\Sites\bubble\dist\views\jsx\layout.jsx: Unexpected token (75:32)
    at Deps.parseDeps (C:\Users\trash\AppData\Roaming\npm\node_modules\browserify\node_modules\module-deps\index.js:453:28)
    at fromSource (C:\Users\trash\AppData\Roaming\npm\node_modules\browserify\node_modules\module-deps\index.js:390:44)
    at C:\Users\trash\AppData\Roaming\npm\node_modules\browserify\node_modules\module-deps\index.js:384:17
    at ConcatStream.<anonymous> (C:\Users\trash\AppData\Roaming\npm\node_modules\browserify\node_modules\concat-stream\index.js:36:43)
    at emitNone (events.js:72:20)
    at ConcatStream.emit (events.js:166:7)
    at finishMaybe (C:\Users\trash\AppData\Roaming\npm\node_modules\browserify\node_modules\concat-stream\node_modules\readable-stream\lib\_stream_writable.js:475:14)
    at endWritable (C:\Users\trash\AppData\Roaming\npm\node_modules\browserify\node_modules\concat-stream\node_modules\readable-stream\lib\_stream_writable.js:485:3)
    at ConcatStream.Writable.end (C:\Users\trash\AppData\Roaming\npm\node_modules\browserify\node_modules\concat-stream\node_modules\readable-stream\lib\_stream_writable.js:455:41)
    at DuplexWrapper.onend (C:\Users\trash\AppData\Roaming\npm\node_modules\browserify\node_modules\readable-stream\lib\_stream_readable.js:507:10)
]
[1480233276514] [Sun, 27 Nov 2016 07:54:36 GMT] [error] [Command failed: C:\WINDOWS\system32\cmd.exe /s /c "browserify ./dist/views/app.jsx -o ./dist/public/js/bundle.js"
Error: Parsing file E:\GIT FILES\Sites\bubble\dist\views\jsx\layout.jsx: Unexpected token (75:32)
    at Deps.parseDeps (C:\Users\trash\AppData\Roaming\npm\node_modules\browserify\node_modules\module-deps\index.js:453:28)
    at fromSource (C:\Users\trash\AppData\Roaming\npm\node_modules\browserify\node_modules\module-deps\index.js:390:44)
    at C:\Users\trash\AppData\Roaming\npm\node_modules\browserify\node_modules\module-deps\index.js:384:17
    at ConcatStream.<anonymous> (C:\Users\trash\AppData\Roaming\npm\node_modules\browserify\node_modules\concat-stream\index.js:36:43)
    at emitNone (events.js:72:20)
    at ConcatStream.emit (events.js:166:7)
    at finishMaybe (C:\Users\trash\AppData\Roaming\npm\node_modules\browserify\node_modules\concat-stream\node_modules\readable-stream\lib\_stream_writable.js:475:14)
    at endWritable (C:\Users\trash\AppData\Roaming\npm\node_modules\browserify\node_modules\concat-stream\node_modules\readable-stream\lib\_stream_writable.js:485:3)
    at ConcatStream.Writable.end (C:\Users\trash\AppData\Roaming\npm\node_modules\browserify\node_modules\concat-stream\node_modules\readable-stream\lib\_stream_writable.js:455:41)
    at DuplexWrapper.onend (C:\Users\trash\AppData\Roaming\npm\node_modules\browserify\node_modules\readable-stream\lib\_stream_readable.js:507:10)
]
[1480233329137] [Sun, 27 Nov 2016 07:55:29 GMT] [error] [Command failed: C:\WINDOWS\system32\cmd.exe /s /c "browserify ./dist/views/app.jsx -o ./dist/public/js/bundle.js"
Error: Parsing file E:\GIT FILES\Sites\bubble\dist\views\jsx\layout.jsx: Unexpected token (75:32)
    at Deps.parseDeps (C:\Users\trash\AppData\Roaming\npm\node_modules\browserify\node_modules\module-deps\index.js:453:28)
    at fromSource (C:\Users\trash\AppData\Roaming\npm\node_modules\browserify\node_modules\module-deps\index.js:390:44)
    at C:\Users\trash\AppData\Roaming\npm\node_modules\browserify\node_modules\module-deps\index.js:384:17
    at ConcatStream.<anonymous> (C:\Users\trash\AppData\Roaming\npm\node_modules\browserify\node_modules\concat-stream\index.js:36:43)
    at emitNone (events.js:72:20)
    at ConcatStream.emit (events.js:166:7)
    at finishMaybe (C:\Users\trash\AppData\Roaming\npm\node_modules\browserify\node_modules\concat-stream\node_modules\readable-stream\lib\_stream_writable.js:475:14)
    at endWritable (C:\Users\trash\AppData\Roaming\npm\node_modules\browserify\node_modules\concat-stream\node_modules\readable-stream\lib\_stream_writable.js:485:3)
    at ConcatStream.Writable.end (C:\Users\trash\AppData\Roaming\npm\node_modules\browserify\node_modules\concat-stream\node_modules\readable-stream\lib\_stream_writable.js:455:41)
    at DuplexWrapper.onend (C:\Users\trash\AppData\Roaming\npm\node_modules\browserify\node_modules\readable-stream\lib\_stream_readable.js:507:10)
]
[1480233381886] [Sun, 27 Nov 2016 07:56:21 GMT] [error] [Command failed: C:\WINDOWS\system32\cmd.exe /s /c "browserify ./dist/views/app.jsx -o ./dist/public/js/bundle.js"
Error: Parsing file E:\GIT FILES\Sites\bubble\dist\views\jsx\layout.jsx: Unexpected token (75:32)
    at Deps.parseDeps (C:\Users\trash\AppData\Roaming\npm\node_modules\browserify\node_modules\module-deps\index.js:453:28)
    at fromSource (C:\Users\trash\AppData\Roaming\npm\node_modules\browserify\node_modules\module-deps\index.js:390:44)
    at C:\Users\trash\AppData\Roaming\npm\node_modules\browserify\node_modules\module-deps\index.js:384:17
    at ConcatStream.<anonymous> (C:\Users\trash\AppData\Roaming\npm\node_modules\browserify\node_modules\concat-stream\index.js:36:43)
    at emitNone (events.js:72:20)
    at ConcatStream.emit (events.js:166:7)
    at finishMaybe (C:\Users\trash\AppData\Roaming\npm\node_modules\browserify\node_modules\concat-stream\node_modules\readable-stream\lib\_stream_writable.js:475:14)
    at endWritable (C:\Users\trash\AppData\Roaming\npm\node_modules\browserify\node_modules\concat-stream\node_modules\readable-stream\lib\_stream_writable.js:485:3)
    at ConcatStream.Writable.end (C:\Users\trash\AppData\Roaming\npm\node_modules\browserify\node_modules\concat-stream\node_modules\readable-stream\lib\_stream_writable.js:455:41)
    at DuplexWrapper.onend (C:\Users\trash\AppData\Roaming\npm\node_modules\browserify\node_modules\readable-stream\lib\_stream_readable.js:507:10)
]
[1481347193808] [Sat, 10 Dec 2016 05:19:53 GMT] [error] [Command failed: C:\WINDOWS\system32\cmd.exe /s /c "browserify ./dist/views/app.jsx -o ./dist/public/js/bundle.js"
Error: Cannot find module './follow.jsx' from 'E:\GIT FILES\Sites\bubble\dist\views\jsx\components'
    at C:\Users\trash\AppData\Roaming\npm\node_modules\browserify\node_modules\resolve\lib\async.js:55:21
    at load (C:\Users\trash\AppData\Roaming\npm\node_modules\browserify\node_modules\resolve\lib\async.js:69:43)
    at onex (C:\Users\trash\AppData\Roaming\npm\node_modules\browserify\node_modules\resolve\lib\async.js:92:31)
    at C:\Users\trash\AppData\Roaming\npm\node_modules\browserify\node_modules\resolve\lib\async.js:22:47
    at FSReqWrap.oncomplete (fs.js:82:15)
]
[1481347228944] [Sat, 10 Dec 2016 05:20:28 GMT] [error] [Command failed: C:\WINDOWS\system32\cmd.exe /s /c "browserify ./dist/views/app.jsx -o ./dist/public/js/bundle.js"
Error: Cannot find module './follow.jsx' from 'E:\GIT FILES\Sites\bubble\dist\views\jsx\components'
    at C:\Users\trash\AppData\Roaming\npm\node_modules\browserify\node_modules\resolve\lib\async.js:55:21
    at load (C:\Users\trash\AppData\Roaming\npm\node_modules\browserify\node_modules\resolve\lib\async.js:69:43)
    at onex (C:\Users\trash\AppData\Roaming\npm\node_modules\browserify\node_modules\resolve\lib\async.js:92:31)
    at C:\Users\trash\AppData\Roaming\npm\node_modules\browserify\node_modules\resolve\lib\async.js:22:47
    at FSReqWrap.oncomplete (fs.js:82:15)
]
[1481540193478] [Mon, 12 Dec 2016 10:56:33 GMT] [error] [Command failed: C:\WINDOWS\system32\cmd.exe /s /c "browserify ./dist/views/app.jsx | uglifyjs > ./dist/public/js/bundle-live.js"
'uglifyjs' is not recognized as an internal or external command,
operable program or batch file.
]
[1481542516527] [Mon, 12 Dec 2016 11:35:16 GMT] [error] [Command failed: C:\WINDOWS\system32\cmd.exe /s /c "NODE_ENV=prod browserify ./dist/views/app.jsx | uglifyjs > ./dist/public/js/bundle-live.js"
'NODE_ENV' is not recognized as an internal or external command,
operable program or batch file.
]
[1482041008538] [Sun, 18 Dec 2016 06:03:28 GMT] [error] [Command failed: C:\WINDOWS\system32\cmd.exe /s /c "browserify ./dist/views/app.jsx -g [ envify --NODE_ENV 'production' ] | uglifyjs > ./dist/public/js/bundle-live.js"
The process cannot access the file because it is being used by another process.
]
[1482126257314] [Mon, 19 Dec 2016 05:44:17 GMT] [error] [Command failed: C:\WINDOWS\system32\cmd.exe /s /c "browserify ./dist/views/app.jsx -g [ envify --NODE_ENV 'production' ] | uglifyjs > ./dist/public/js/bundle-live.js"
The process cannot access the file because it is being used by another process.
]
[1482126648606] [Mon, 19 Dec 2016 05:50:48 GMT] [error] [Command failed: C:\WINDOWS\system32\cmd.exe /s /c "browserify ./dist/views/app.jsx -g [ envify --NODE_ENV 'production' ] | uglifyjs > ./dist/public/js/bundle-live.js"
The process cannot access the file because it is being used by another process.
]
[1483407700781] [Tue, 03 Jan 2017 01:41:40 GMT] [error] [Command failed: C:\WINDOWS\system32\cmd.exe /s /c "browserify ./dist/views/app.jsx -g [ envify --NODE_ENV 'production' ] | uglifyjs > ./dist/public/js/bundle-live.js"
The process cannot access the file because it is being used by another process.
]
[1483413254018] [Tue, 03 Jan 2017 03:14:14 GMT] [error] [Command failed: C:\WINDOWS\system32\cmd.exe /s /c "browserify ./dist/views/app.jsx -o ./dist/public/js/bundle.js"
Error: Cannot find module './components/question-tools.jsx' from 'E:\GIT FILES\Sites\bubble\dist\views\jsx'
    at C:\Users\trash\AppData\Roaming\npm\node_modules\browserify\node_modules\resolve\lib\async.js:55:21
    at load (C:\Users\trash\AppData\Roaming\npm\node_modules\browserify\node_modules\resolve\lib\async.js:69:43)
    at onex (C:\Users\trash\AppData\Roaming\npm\node_modules\browserify\node_modules\resolve\lib\async.js:92:31)
    at C:\Users\trash\AppData\Roaming\npm\node_modules\browserify\node_modules\resolve\lib\async.js:22:47
    at FSReqWrap.oncomplete (fs.js:82:15)
]
[1483413260448] [Tue, 03 Jan 2017 03:14:20 GMT] [error] [Command failed: C:\WINDOWS\system32\cmd.exe /s /c "browserify ./dist/views/app.jsx -o ./dist/public/js/bundle.js"
Error: Cannot find module './components/question-tools.jsx' from 'E:\GIT FILES\Sites\bubble\dist\views\jsx'
    at C:\Users\trash\AppData\Roaming\npm\node_modules\browserify\node_modules\resolve\lib\async.js:55:21
    at load (C:\Users\trash\AppData\Roaming\npm\node_modules\browserify\node_modules\resolve\lib\async.js:69:43)
    at onex (C:\Users\trash\AppData\Roaming\npm\node_modules\browserify\node_modules\resolve\lib\async.js:92:31)
    at C:\Users\trash\AppData\Roaming\npm\node_modules\browserify\node_modules\resolve\lib\async.js:22:47
    at FSReqWrap.oncomplete (fs.js:82:15)
]
[1483414732492] [Tue, 03 Jan 2017 03:38:52 GMT] [error] [Command failed: C:\WINDOWS\system32\cmd.exe /s /c "browserify ./dist/views/app.jsx -g [ envify --NODE_ENV 'production' ] | uglifyjs > ./dist/public/js/bundle-live.js"
The process cannot access the file because it is being used by another process.
]
[1483440125045] [Tue, 03 Jan 2017 10:42:05 GMT] [error] [Command failed: C:\WINDOWS\system32\cmd.exe /s /c "browserify ./dist/views/app.jsx -o ./dist/public/js/bundle.js"
Error: Cannot find module '../../../../../../../../modules/ajax' from 'E:\GIT FILES\Sites\bubble\dist\views\jsx\components'
    at C:\Users\trash\AppData\Roaming\npm\node_modules\browserify\node_modules\resolve\lib\async.js:55:21
    at load (C:\Users\trash\AppData\Roaming\npm\node_modules\browserify\node_modules\resolve\lib\async.js:69:43)
    at onex (C:\Users\trash\AppData\Roaming\npm\node_modules\browserify\node_modules\resolve\lib\async.js:92:31)
    at C:\Users\trash\AppData\Roaming\npm\node_modules\browserify\node_modules\resolve\lib\async.js:22:47
    at FSReqWrap.oncomplete (fs.js:82:15)
]
[1483440143807] [Tue, 03 Jan 2017 10:42:23 GMT] [error] [Command failed: C:\WINDOWS\system32\cmd.exe /s /c "browserify ./dist/views/app.jsx -o ./dist/public/js/bundle.js"
Error: Cannot find module '../../../../../../../modules/ajax' from 'E:\GIT FILES\Sites\bubble\dist\views\jsx\components'
    at C:\Users\trash\AppData\Roaming\npm\node_modules\browserify\node_modules\resolve\lib\async.js:55:21
    at load (C:\Users\trash\AppData\Roaming\npm\node_modules\browserify\node_modules\resolve\lib\async.js:69:43)
    at onex (C:\Users\trash\AppData\Roaming\npm\node_modules\browserify\node_modules\resolve\lib\async.js:92:31)
    at C:\Users\trash\AppData\Roaming\npm\node_modules\browserify\node_modules\resolve\lib\async.js:22:47
    at FSReqWrap.oncomplete (fs.js:82:15)
]
[1483440148612] [Tue, 03 Jan 2017 10:42:28 GMT] [error] [Command failed: C:\WINDOWS\system32\cmd.exe /s /c "browserify ./dist/views/app.jsx -o ./dist/public/js/bundle.js"
Error: Cannot find module '../../../../../../modules/ajax' from 'E:\GIT FILES\Sites\bubble\dist\views\jsx\components'
    at C:\Users\trash\AppData\Roaming\npm\node_modules\browserify\node_modules\resolve\lib\async.js:55:21
    at load (C:\Users\trash\AppData\Roaming\npm\node_modules\browserify\node_modules\resolve\lib\async.js:69:43)
    at onex (C:\Users\trash\AppData\Roaming\npm\node_modules\browserify\node_modules\resolve\lib\async.js:92:31)
    at C:\Users\trash\AppData\Roaming\npm\node_modules\browserify\node_modules\resolve\lib\async.js:22:47
    at FSReqWrap.oncomplete (fs.js:82:15)
]
[1483440153044] [Tue, 03 Jan 2017 10:42:33 GMT] [error] [Command failed: C:\WINDOWS\system32\cmd.exe /s /c "browserify ./dist/views/app.jsx -o ./dist/public/js/bundle.js"
Error: Cannot find module '../../../../../modules/ajax' from 'E:\GIT FILES\Sites\bubble\dist\views\jsx\components'
    at C:\Users\trash\AppData\Roaming\npm\node_modules\browserify\node_modules\resolve\lib\async.js:55:21
    at load (C:\Users\trash\AppData\Roaming\npm\node_modules\browserify\node_modules\resolve\lib\async.js:69:43)
    at onex (C:\Users\trash\AppData\Roaming\npm\node_modules\browserify\node_modules\resolve\lib\async.js:92:31)
    at C:\Users\trash\AppData\Roaming\npm\node_modules\browserify\node_modules\resolve\lib\async.js:22:47
    at FSReqWrap.oncomplete (fs.js:82:15)
]
[1483440158968] [Tue, 03 Jan 2017 10:42:38 GMT] [error] [Command failed: C:\WINDOWS\system32\cmd.exe /s /c "browserify ./dist/views/app.jsx -o ./dist/public/js/bundle.js"
Error: Cannot find module '../../../../modules/ajax' from 'E:\GIT FILES\Sites\bubble\dist\views\jsx\components'
    at C:\Users\trash\AppData\Roaming\npm\node_modules\browserify\node_modules\resolve\lib\async.js:55:21
    at load (C:\Users\trash\AppData\Roaming\npm\node_modules\browserify\node_modules\resolve\lib\async.js:69:43)
    at onex (C:\Users\trash\AppData\Roaming\npm\node_modules\browserify\node_modules\resolve\lib\async.js:92:31)
    at C:\Users\trash\AppData\Roaming\npm\node_modules\browserify\node_modules\resolve\lib\async.js:22:47
    at FSReqWrap.oncomplete (fs.js:82:15)
]
[1483577579381] [Thu, 05 Jan 2017 00:52:59 GMT] [error] [Command failed: C:\WINDOWS\system32\cmd.exe /s /c "browserify ./dist/views/app.jsx -o ./dist/public/js/bundle.js"
Error: Cannot find module './side-tools' from 'E:\GIT FILES\Sites\bubble\dist\views\jsx\components\user'
    at C:\Users\trash\AppData\Roaming\npm\node_modules\browserify\node_modules\resolve\lib\async.js:55:21
    at load (C:\Users\trash\AppData\Roaming\npm\node_modules\browserify\node_modules\resolve\lib\async.js:69:43)
    at onex (C:\Users\trash\AppData\Roaming\npm\node_modules\browserify\node_modules\resolve\lib\async.js:92:31)
    at C:\Users\trash\AppData\Roaming\npm\node_modules\browserify\node_modules\resolve\lib\async.js:22:47
    at FSReqWrap.oncomplete (fs.js:82:15)
]
[1483577613354] [Thu, 05 Jan 2017 00:53:33 GMT] [error] [Command failed: C:\WINDOWS\system32\cmd.exe /s /c "browserify ./dist/views/app.jsx -o ./dist/public/js/bundle.js"
Error: Cannot find module './side-tools' from 'E:\GIT FILES\Sites\bubble\dist\views\jsx\components\user'
    at C:\Users\trash\AppData\Roaming\npm\node_modules\browserify\node_modules\resolve\lib\async.js:55:21
    at load (C:\Users\trash\AppData\Roaming\npm\node_modules\browserify\node_modules\resolve\lib\async.js:69:43)
    at onex (C:\Users\trash\AppData\Roaming\npm\node_modules\browserify\node_modules\resolve\lib\async.js:92:31)
    at C:\Users\trash\AppData\Roaming\npm\node_modules\browserify\node_modules\resolve\lib\async.js:22:47
    at FSReqWrap.oncomplete (fs.js:82:15)
]
[1483577688270] [Thu, 05 Jan 2017 00:54:48 GMT] [error] [Command failed: C:\WINDOWS\system32\cmd.exe /s /c "browserify ./dist/views/app.jsx -o ./dist/public/js/bundle.js"
Error: Cannot find module './side-tools' from 'E:\GIT FILES\Sites\bubble\dist\views\jsx\components\user'
    at C:\Users\trash\AppData\Roaming\npm\node_modules\browserify\node_modules\resolve\lib\async.js:55:21
    at load (C:\Users\trash\AppData\Roaming\npm\node_modules\browserify\node_modules\resolve\lib\async.js:69:43)
    at onex (C:\Users\trash\AppData\Roaming\npm\node_modules\browserify\node_modules\resolve\lib\async.js:92:31)
    at C:\Users\trash\AppData\Roaming\npm\node_modules\browserify\node_modules\resolve\lib\async.js:22:47
    at FSReqWrap.oncomplete (fs.js:82:15)
]
[1483578268321] [Thu, 05 Jan 2017 01:04:28 GMT] [error] [Command failed: C:\WINDOWS\system32\cmd.exe /s /c "browserify ./dist/views/app.jsx -o ./dist/public/js/bundle.js"
Error: Cannot find module './side-tools' from 'E:\GIT FILES\Sites\bubble\dist\views\jsx\components\user'
    at C:\Users\trash\AppData\Roaming\npm\node_modules\browserify\node_modules\resolve\lib\async.js:55:21
    at load (C:\Users\trash\AppData\Roaming\npm\node_modules\browserify\node_modules\resolve\lib\async.js:69:43)
    at onex (C:\Users\trash\AppData\Roaming\npm\node_modules\browserify\node_modules\resolve\lib\async.js:92:31)
    at C:\Users\trash\AppData\Roaming\npm\node_modules\browserify\node_modules\resolve\lib\async.js:22:47
    at FSReqWrap.oncomplete (fs.js:82:15)
]
[1483578703175] [Thu, 05 Jan 2017 01:11:43 GMT] [error] [Command failed: C:\WINDOWS\system32\cmd.exe /s /c "browserify ./dist/views/app.jsx -o ./dist/public/js/bundle.js"
Error: Cannot find module './side-tools' from 'E:\GIT FILES\Sites\bubble\dist\views\jsx\components\user'
    at C:\Users\trash\AppData\Roaming\npm\node_modules\browserify\node_modules\resolve\lib\async.js:55:21
    at load (C:\Users\trash\AppData\Roaming\npm\node_modules\browserify\node_modules\resolve\lib\async.js:69:43)
    at onex (C:\Users\trash\AppData\Roaming\npm\node_modules\browserify\node_modules\resolve\lib\async.js:92:31)
    at C:\Users\trash\AppData\Roaming\npm\node_modules\browserify\node_modules\resolve\lib\async.js:22:47
    at FSReqWrap.oncomplete (fs.js:82:15)
]
[1483579335941] [Thu, 05 Jan 2017 01:22:15 GMT] [error] [Command failed: C:\WINDOWS\system32\cmd.exe /s /c "browserify ./dist/views/app.jsx -o ./dist/public/js/bundle.js"
Error: Cannot find module './side-tools' from 'E:\GIT FILES\Sites\bubble\dist\views\jsx\components\user'
    at C:\Users\trash\AppData\Roaming\npm\node_modules\browserify\node_modules\resolve\lib\async.js:55:21
    at load (C:\Users\trash\AppData\Roaming\npm\node_modules\browserify\node_modules\resolve\lib\async.js:69:43)
    at onex (C:\Users\trash\AppData\Roaming\npm\node_modules\browserify\node_modules\resolve\lib\async.js:92:31)
    at C:\Users\trash\AppData\Roaming\npm\node_modules\browserify\node_modules\resolve\lib\async.js:22:47
    at FSReqWrap.oncomplete (fs.js:82:15)
]
[1483698951860] [Fri, 06 Jan 2017 10:35:51 GMT] [error] [Command failed: C:\WINDOWS\system32\cmd.exe /s /c "browserify ./dist/views/app.jsx --debug -g [ envify --NODE_ENV 'production' ] | uglifyjs > ./dist/public/js/bundle-live.js"
The process cannot access the file because it is being used by another process.
]
[1483708472712] [Fri, 06 Jan 2017 13:14:32 GMT] [error] [Command failed: C:\WINDOWS\system32\cmd.exe /s /c "browserify ./dist/views/app.jsx --debug -g [ envify --NODE_ENV 'production' ] | uglifyjs > ./dist/public/js/bundle-live.js"
The process cannot access the file because it is being used by another process.
]
[1483708475472] [Fri, 06 Jan 2017 13:14:35 GMT] [error] [Command failed: C:\WINDOWS\system32\cmd.exe /s /c "browserify ./dist/views/app.jsx --debug -g [ envify --NODE_ENV 'production' ] | uglifyjs > ./dist/public/js/bundle-live.js"
The process cannot access the file because it is being used by another process.
]
[1483758698168] [Sat, 07 Jan 2017 03:11:38 GMT] [error] [Command failed: C:\WINDOWS\system32\cmd.exe /s /c "browserify ./dist/views/app.jsx --debug -g [ envify --NODE_ENV 'production' ] | uglifyjs > ./dist/public/js/bundle-live.js"
The process cannot access the file because it is being used by another process.
]
[1483784312725] [Sat, 07 Jan 2017 10:18:32 GMT] [error] [Command failed: C:\WINDOWS\system32\cmd.exe /s /c "browserify ./dist/views/app.jsx --debug -g [ envify --NODE_ENV 'production' ] | uglifyjs > ./dist/public/js/bundle-live.js"
The process cannot access the file because it is being used by another process.
]
[1483834074548] [Sun, 08 Jan 2017 00:07:54 GMT] [error] [Command failed: C:\WINDOWS\system32\cmd.exe /s /c "browserify ./dist/views/app.jsx --debug -g [ envify --NODE_ENV 'production' ] | uglifyjs > ./dist/public/js/bundle-live.js"
The process cannot access the file because it is being used by another process.
]
[1483877592190] [Sun, 08 Jan 2017 12:13:12 GMT] [error] [Command failed: C:\WINDOWS\system32\cmd.exe /s /c "browserify ./dist/views/app.jsx --debug -g [ envify --NODE_ENV 'production' ] | uglifyjs > ./dist/public/js/bundle-live.js"
The process cannot access the file because it is being used by another process.
]
[1483936245554] [Mon, 09 Jan 2017 04:30:45 GMT] [error] [Command failed: C:\WINDOWS\system32\cmd.exe /s /c "browserify ./dist/views/app.jsx --debug -o ./dist/public/js/bundle.js"
Error: Cannot find module './components/user-questions.jsx' from 'E:\GIT FILES\Sites\bubble\dist\views\jsx\components'
    at C:\Users\trash\AppData\Roaming\npm\node_modules\browserify\node_modules\resolve\lib\async.js:55:21
    at load (C:\Users\trash\AppData\Roaming\npm\node_modules\browserify\node_modules\resolve\lib\async.js:69:43)
    at onex (C:\Users\trash\AppData\Roaming\npm\node_modules\browserify\node_modules\resolve\lib\async.js:92:31)
    at C:\Users\trash\AppData\Roaming\npm\node_modules\browserify\node_modules\resolve\lib\async.js:22:47
    at FSReqWrap.oncomplete (fs.js:82:15)
]
[1483936274430] [Mon, 09 Jan 2017 04:31:14 GMT] [error] [Command failed: C:\WINDOWS\system32\cmd.exe /s /c "browserify ./dist/views/app.jsx --debug -o ./dist/public/js/bundle.js"
Error: Cannot find module './components/user-questions.jsx' from 'E:\GIT FILES\Sites\bubble\dist\views\jsx\components'
    at C:\Users\trash\AppData\Roaming\npm\node_modules\browserify\node_modules\resolve\lib\async.js:55:21
    at load (C:\Users\trash\AppData\Roaming\npm\node_modules\browserify\node_modules\resolve\lib\async.js:69:43)
    at onex (C:\Users\trash\AppData\Roaming\npm\node_modules\browserify\node_modules\resolve\lib\async.js:92:31)
    at C:\Users\trash\AppData\Roaming\npm\node_modules\browserify\node_modules\resolve\lib\async.js:22:47
    at FSReqWrap.oncomplete (fs.js:82:15)
]
[1483936319064] [Mon, 09 Jan 2017 04:31:59 GMT] [error] [Command failed: C:\WINDOWS\system32\cmd.exe /s /c "browserify ./dist/views/app.jsx --debug -o ./dist/public/js/bundle.js"
Error: Cannot find module './components/user-questions.jsx' from 'E:\GIT FILES\Sites\bubble\dist\views\jsx\components'
    at C:\Users\trash\AppData\Roaming\npm\node_modules\browserify\node_modules\resolve\lib\async.js:55:21
    at load (C:\Users\trash\AppData\Roaming\npm\node_modules\browserify\node_modules\resolve\lib\async.js:69:43)
    at onex (C:\Users\trash\AppData\Roaming\npm\node_modules\browserify\node_modules\resolve\lib\async.js:92:31)
    at C:\Users\trash\AppData\Roaming\npm\node_modules\browserify\node_modules\resolve\lib\async.js:22:47
    at FSReqWrap.oncomplete (fs.js:82:15)
]
[1483936814337] [Mon, 09 Jan 2017 04:40:14 GMT] [error] [Command failed: C:\WINDOWS\system32\cmd.exe /s /c "browserify ./dist/views/app.jsx --debug -o ./dist/public/js/bundle.js"
Error: Cannot find module './user-questions.jsx' from 'E:\GIT FILES\Sites\bubble\dist\views\jsx\components'
    at C:\Users\trash\AppData\Roaming\npm\node_modules\browserify\node_modules\resolve\lib\async.js:55:21
    at load (C:\Users\trash\AppData\Roaming\npm\node_modules\browserify\node_modules\resolve\lib\async.js:69:43)
    at onex (C:\Users\trash\AppData\Roaming\npm\node_modules\browserify\node_modules\resolve\lib\async.js:92:31)
    at C:\Users\trash\AppData\Roaming\npm\node_modules\browserify\node_modules\resolve\lib\async.js:22:47
    at FSReqWrap.oncomplete (fs.js:82:15)
]
[1483938566961] [Mon, 09 Jan 2017 05:09:26 GMT] [error] [Command failed: C:\WINDOWS\system32\cmd.exe /s /c "browserify ./dist/views/app.jsx --debug -g [ envify --NODE_ENV 'production' ] | uglifyjs > ./dist/public/js/bundle-live.js"
The process cannot access the file because it is being used by another process.
]
[1483942588674] [Mon, 09 Jan 2017 06:16:28 GMT] [error] [Command failed: C:\WINDOWS\system32\cmd.exe /s /c "browserify ./dist/views/app.jsx --debug -g [ envify --NODE_ENV 'production' ] | uglifyjs > ./dist/public/js/bundle-live.js"
The process cannot access the file because it is being used by another process.
]
[1483943669688] [Mon, 09 Jan 2017 06:34:29 GMT] [error] [Command failed: C:\WINDOWS\system32\cmd.exe /s /c "browserify ./dist/views/app.jsx --debug -g [ envify --NODE_ENV 'production' ] | uglifyjs > ./dist/public/js/bundle-live.js"
The process cannot access the file because it is being used by another process.
]
[1483967951850] [Mon, 09 Jan 2017 13:19:11 GMT] [error] [Command failed: C:\WINDOWS\system32\cmd.exe /s /c "browserify ./dist/views/app.jsx --debug -g [ envify --NODE_ENV 'production' ] | uglifyjs > ./dist/public/js/bundle-live.js"
The process cannot access the file because it is being used by another process.
]
[1483997886974] [Mon, 09 Jan 2017 21:38:06 GMT] [error] [Command failed: C:\WINDOWS\system32\cmd.exe /s /c "browserify ./dist/views/app.jsx --debug -o ./dist/public/js/bundle.js"
Error: Cannot find module './components/user-questions.jsx' from 'E:\GIT FILES\Sites\bubble\dist\views\jsx'
    at C:\Users\trash\AppData\Roaming\npm\node_modules\browserify\node_modules\resolve\lib\async.js:55:21
    at load (C:\Users\trash\AppData\Roaming\npm\node_modules\browserify\node_modules\resolve\lib\async.js:69:43)
    at onex (C:\Users\trash\AppData\Roaming\npm\node_modules\browserify\node_modules\resolve\lib\async.js:92:31)
    at C:\Users\trash\AppData\Roaming\npm\node_modules\browserify\node_modules\resolve\lib\async.js:22:47
    at FSReqWrap.oncomplete (fs.js:82:15)
]
[1483997893152] [Mon, 09 Jan 2017 21:38:13 GMT] [error] [Command failed: C:\WINDOWS\system32\cmd.exe /s /c "browserify ./dist/views/app.jsx --debug -o ./dist/public/js/bundle.js"
Error: Cannot find module './side-tools.jsx' from 'E:\GIT FILES\Sites\bubble\dist\views\jsx\components'
    at C:\Users\trash\AppData\Roaming\npm\node_modules\browserify\node_modules\resolve\lib\async.js:55:21
    at load (C:\Users\trash\AppData\Roaming\npm\node_modules\browserify\node_modules\resolve\lib\async.js:69:43)
    at onex (C:\Users\trash\AppData\Roaming\npm\node_modules\browserify\node_modules\resolve\lib\async.js:92:31)
    at C:\Users\trash\AppData\Roaming\npm\node_modules\browserify\node_modules\resolve\lib\async.js:22:47
    at FSReqWrap.oncomplete (fs.js:82:15)
]
[1483997899513] [Mon, 09 Jan 2017 21:38:19 GMT] [error] [Command failed: C:\WINDOWS\system32\cmd.exe /s /c "browserify ./dist/views/app.jsx --debug -o ./dist/public/js/bundle.js"
Error: Cannot find module './user/user-questions.jsx' from 'E:\GIT FILES\Sites\bubble\dist\views\jsx\components'
    at C:\Users\trash\AppData\Roaming\npm\node_modules\browserify\node_modules\resolve\lib\async.js:55:21
    at load (C:\Users\trash\AppData\Roaming\npm\node_modules\browserify\node_modules\resolve\lib\async.js:69:43)
    at onex (C:\Users\trash\AppData\Roaming\npm\node_modules\browserify\node_modules\resolve\lib\async.js:92:31)
    at C:\Users\trash\AppData\Roaming\npm\node_modules\browserify\node_modules\resolve\lib\async.js:22:47
    at FSReqWrap.oncomplete (fs.js:82:15)
]
[1483997923699] [Mon, 09 Jan 2017 21:38:43 GMT] [error] [Command failed: C:\WINDOWS\system32\cmd.exe /s /c "browserify ./dist/views/app.jsx --debug -o ./dist/public/js/bundle.js"
Error: Cannot find module '../vote-tool.jsx' from 'E:\GIT FILES\Sites\bubble\dist\views\jsx\components'
    at C:\Users\trash\AppData\Roaming\npm\node_modules\browserify\node_modules\resolve\lib\async.js:55:21
    at load (C:\Users\trash\AppData\Roaming\npm\node_modules\browserify\node_modules\resolve\lib\async.js:69:43)
    at onex (C:\Users\trash\AppData\Roaming\npm\node_modules\browserify\node_modules\resolve\lib\async.js:92:31)
    at C:\Users\trash\AppData\Roaming\npm\node_modules\browserify\node_modules\resolve\lib\async.js:22:47
    at FSReqWrap.oncomplete (fs.js:82:15)
]
[1483997941722] [Mon, 09 Jan 2017 21:39:01 GMT] [error] [Command failed: C:\WINDOWS\system32\cmd.exe /s /c "browserify ./dist/views/app.jsx --debug -o ./dist/public/js/bundle.js"
Error: Cannot find module '../vote-tool.jsx' from 'E:\GIT FILES\Sites\bubble\dist\views\jsx\components'
    at C:\Users\trash\AppData\Roaming\npm\node_modules\browserify\node_modules\resolve\lib\async.js:55:21
    at load (C:\Users\trash\AppData\Roaming\npm\node_modules\browserify\node_modules\resolve\lib\async.js:69:43)
    at onex (C:\Users\trash\AppData\Roaming\npm\node_modules\browserify\node_modules\resolve\lib\async.js:92:31)
    at C:\Users\trash\AppData\Roaming\npm\node_modules\browserify\node_modules\resolve\lib\async.js:22:47
    at FSReqWrap.oncomplete (fs.js:82:15)
]
[1484006477280] [Tue, 10 Jan 2017 00:01:17 GMT] [error] [Command failed: C:\WINDOWS\system32\cmd.exe /s /c "browserify ./dist/views/app.jsx --debug -g [ envify --NODE_ENV 'production' ] | uglifyjs > ./dist/public/js/bundle-live.js"
The process cannot access the file because it is being used by another process.
]
[1484006733690] [Tue, 10 Jan 2017 00:05:33 GMT] [error] [Command failed: C:\WINDOWS\system32\cmd.exe /s /c "browserify ./dist/views/app.jsx --debug -g [ envify --NODE_ENV 'production' ] | uglifyjs > ./dist/public/js/bundle-live.js"
The process cannot access the file because it is being used by another process.
]
[1484010695806] [Tue, 10 Jan 2017 01:11:35 GMT] [error] [Command failed: C:\WINDOWS\system32\cmd.exe /s /c "browserify ./dist/views/app.jsx --debug -o ./dist/public/js/bundle.js"
Error: Cannot find module './bookmark-tools.jsx' from 'E:\GIT FILES\Sites\bubble\dist\views\jsx\components'
    at C:\Users\trash\AppData\Roaming\npm\node_modules\browserify\node_modules\resolve\lib\async.js:55:21
    at load (C:\Users\trash\AppData\Roaming\npm\node_modules\browserify\node_modules\resolve\lib\async.js:69:43)
    at onex (C:\Users\trash\AppData\Roaming\npm\node_modules\browserify\node_modules\resolve\lib\async.js:92:31)
    at C:\Users\trash\AppData\Roaming\npm\node_modules\browserify\node_modules\resolve\lib\async.js:22:47
    at FSReqWrap.oncomplete (fs.js:82:15)
]
[1484125893205] [Wed, 11 Jan 2017 09:11:33 GMT] [error] [Command failed: C:\WINDOWS\system32\cmd.exe /s /c "browserify ./dist/views/app.jsx --debug -g [ envify --NODE_ENV 'production' ] | uglifyjs > ./dist/public/js/bundle-live.js"
The process cannot access the file because it is being used by another process.
]
[1484156705872] [Wed, 11 Jan 2017 17:45:05 GMT] [error] [Command failed: C:\WINDOWS\system32\cmd.exe /s /c "browserify ./dist/views/app.jsx --debug -g [ envify --NODE_ENV 'production' ] | uglifyjs > ./dist/public/js/bundle-live.js"
The process cannot access the file because it is being used by another process.
]
[1484157346012] [Wed, 11 Jan 2017 17:55:46 GMT] [error] [Command failed: C:\WINDOWS\system32\cmd.exe /s /c "browserify ./dist/views/app.jsx --debug -g [ envify --NODE_ENV 'production' ] | uglifyjs > ./dist/public/js/bundle-live.js"
The process cannot access the file because it is being used by another process.
]
[1484308308192] [Fri, 13 Jan 2017 11:51:48 GMT] [error] [Command failed: C:\WINDOWS\system32\cmd.exe /s /c "browserify ./dist/views/app.jsx --debug -g [ envify --NODE_ENV 'production' ] | uglifyjs > ./dist/public/js/bundle-live.js"
The process cannot access the file because it is being used by another process.
]
[1484308597513] [Fri, 13 Jan 2017 11:56:37 GMT] [error] [Command failed: C:\WINDOWS\system32\cmd.exe /s /c "browserify ./dist/views/app.jsx --debug -g [ envify --NODE_ENV 'production' ] | uglifyjs > ./dist/public/js/bundle-live.js"
The process cannot access the file because it is being used by another process.
]
[1484310856930] [Fri, 13 Jan 2017 12:34:16 GMT] [error] [Command failed: C:\WINDOWS\system32\cmd.exe /s /c "browserify ./dist/views/app.jsx --debug -g [ envify --NODE_ENV 'production' ] | uglifyjs > ./dist/public/js/bundle-live.js"
The process cannot access the file because it is being used by another process.
]
[1484311166391] [Fri, 13 Jan 2017 12:39:26 GMT] [error] [Command failed: C:\WINDOWS\system32\cmd.exe /s /c "browserify ./dist/views/app.jsx --debug -o ./dist/public/js/bundle.js"
Error: Cannot find module './notifications.jsx' from 'E:\GIT FILES\Sites\bubble\dist\views\jsx\components'
    at C:\Users\trash\AppData\Roaming\npm\node_modules\browserify\node_modules\resolve\lib\async.js:55:21
    at load (C:\Users\trash\AppData\Roaming\npm\node_modules\browserify\node_modules\resolve\lib\async.js:69:43)
    at onex (C:\Users\trash\AppData\Roaming\npm\node_modules\browserify\node_modules\resolve\lib\async.js:92:31)
    at C:\Users\trash\AppData\Roaming\npm\node_modules\browserify\node_modules\resolve\lib\async.js:22:47
    at FSReqWrap.oncomplete (fs.js:82:15)
]
[1484331272885] [Fri, 13 Jan 2017 18:14:32 GMT] [error] [Command failed: C:\WINDOWS\system32\cmd.exe /s /c "browserify ./dist/views/app.jsx --debug -g [ envify --NODE_ENV 'production' ] | uglifyjs > ./dist/public/js/bundle-live.js"
The process cannot access the file because it is being used by another process.
]
[1484335852040] [Fri, 13 Jan 2017 19:30:52 GMT] [error] [Command failed: C:\WINDOWS\system32\cmd.exe /s /c "browserify ./dist/views/app.jsx --debug -g [ envify --NODE_ENV 'production' ] | uglifyjs > ./dist/public/js/bundle-live.js"
The process cannot access the file because it is being used by another process.
]
[1484343191131] [Fri, 13 Jan 2017 21:33:11 GMT] [error] [Command failed: C:\WINDOWS\system32\cmd.exe /s /c "browserify ./dist/views/app.jsx --debug -g [ envify --NODE_ENV 'production' ] | uglifyjs > ./dist/public/js/bundle-live.js"
The process cannot access the file because it is being used by another process.
]
[1484460556362] [Sun, 15 Jan 2017 06:09:16 GMT] [error] [Command failed: C:\WINDOWS\system32\cmd.exe /s /c "browserify ./dist/views/app.jsx --debug -g [ envify --NODE_ENV 'production' ] | uglifyjs > ./dist/public/js/bundle-live.js"
The process cannot access the file because it is being used by another process.
]
[1484787948970] [Thu, 19 Jan 2017 01:05:48 GMT] [error] [Command failed: C:\WINDOWS\system32\cmd.exe /s /c "browserify ./dist/views/app.jsx --debug -g [ envify --NODE_ENV 'production' ] | uglifyjs > ./dist/public/js/bundle-live.js"
The process cannot access the file because it is being used by another process.
]
[1484897852686] [Fri, 20 Jan 2017 07:37:32 GMT] [error] [Command failed: C:\WINDOWS\system32\cmd.exe /s /c "browserify ./dist/views/app.jsx --debug -g [ envify --NODE_ENV 'production' ] | uglifyjs > ./dist/public/js/bundle-live.js"
The process cannot access the file because it is being used by another process.
]
[1485054134031] [Sun, 22 Jan 2017 03:02:14 GMT] [error] [Command failed: C:\WINDOWS\system32\cmd.exe /s /c "browserify ./dist/views/app.jsx --debug -g [ envify --NODE_ENV 'production' ] | uglifyjs > ./dist/public/js/bundle-live.js"
The process cannot access the file because it is being used by another process.
]
[1485055319613] [Sun, 22 Jan 2017 03:21:59 GMT] [error] [Command failed: C:\WINDOWS\system32\cmd.exe /s /c "browserify ./dist/views/app.jsx --debug -g [ envify --NODE_ENV 'production' ] | uglifyjs > ./dist/public/js/bundle-live.js"
The process cannot access the file because it is being used by another process.
]
[1485056348644] [Sun, 22 Jan 2017 03:39:08 GMT] [error] [Command failed: C:\WINDOWS\system32\cmd.exe /s /c "browserify ./dist/views/app.jsx --debug -g [ envify --NODE_ENV 'production' ] | uglifyjs > ./dist/public/js/bundle-live.js"
The process cannot access the file because it is being used by another process.
]
[1485058702835] [Sun, 22 Jan 2017 04:18:22 GMT] [error] [Command failed: C:\WINDOWS\system32\cmd.exe /s /c "browserify ./dist/views/app.jsx --debug -g [ envify --NODE_ENV 'production' ] | uglifyjs > ./dist/public/js/bundle-live.js"
The process cannot access the file because it is being used by another process.
]
[1485099102269] [Sun, 22 Jan 2017 15:31:42 GMT] [error] [Command failed: C:\WINDOWS\system32\cmd.exe /s /c "browserify ./dist/views/app.jsx --debug -g [ envify --NODE_ENV 'production' ] | uglifyjs > ./dist/public/js/bundle-live.js"
The process cannot access the file because it is being used by another process.
]
[1485588747590] [Sat, 28 Jan 2017 07:32:27 GMT] [error] [Command failed: C:\WINDOWS\system32\cmd.exe /s /c "browserify ./dist/views/app.jsx --debug -g [ envify --NODE_ENV 'production' ] | uglifyjs > ./dist/public/js/bundle-live.js"
The process cannot access the file because it is being used by another process.
]
[1485676325148] [Sun, 29 Jan 2017 07:52:05 GMT] [error] [Command failed: C:\WINDOWS\system32\cmd.exe /s /c "browserify ./dist/views/app.jsx --debug -o ./dist/public/js/bundle.js"
Error: Cannot find module '../../modules/ajax' from 'E:\GIT FILES\Sites\bubble\dist\views\jsx'
    at C:\Users\trash\AppData\Roaming\npm\node_modules\browserify\node_modules\resolve\lib\async.js:55:21
    at load (C:\Users\trash\AppData\Roaming\npm\node_modules\browserify\node_modules\resolve\lib\async.js:69:43)
    at onex (C:\Users\trash\AppData\Roaming\npm\node_modules\browserify\node_modules\resolve\lib\async.js:92:31)
    at C:\Users\trash\AppData\Roaming\npm\node_modules\browserify\node_modules\resolve\lib\async.js:22:47
    at FSReqWrap.oncomplete (fs.js:82:15)
]
[1485676330988] [Sun, 29 Jan 2017 07:52:10 GMT] [error] [Command failed: C:\WINDOWS\system32\cmd.exe /s /c "browserify ./dist/views/app.jsx --debug -o ./dist/public/js/bundle.js"
Error: Cannot find module '../../modules/ajax' from 'E:\GIT FILES\Sites\bubble\dist\views\jsx'
    at C:\Users\trash\AppData\Roaming\npm\node_modules\browserify\node_modules\resolve\lib\async.js:55:21
    at load (C:\Users\trash\AppData\Roaming\npm\node_modules\browserify\node_modules\resolve\lib\async.js:69:43)
    at onex (C:\Users\trash\AppData\Roaming\npm\node_modules\browserify\node_modules\resolve\lib\async.js:92:31)
    at C:\Users\trash\AppData\Roaming\npm\node_modules\browserify\node_modules\resolve\lib\async.js:22:47
    at FSReqWrap.oncomplete (fs.js:82:15)
]
[1485676396197] [Sun, 29 Jan 2017 07:53:16 GMT] [error] [Command failed: C:\WINDOWS\system32\cmd.exe /s /c "browserify ./dist/views/app.jsx --debug -o ./dist/public/js/bundle.js"
Error: Cannot find module '../../modules/load-data' from 'E:\GIT FILES\Sites\bubble\dist\views\jsx'
    at C:\Users\trash\AppData\Roaming\npm\node_modules\browserify\node_modules\resolve\lib\async.js:55:21
    at load (C:\Users\trash\AppData\Roaming\npm\node_modules\browserify\node_modules\resolve\lib\async.js:69:43)
    at onex (C:\Users\trash\AppData\Roaming\npm\node_modules\browserify\node_modules\resolve\lib\async.js:92:31)
    at C:\Users\trash\AppData\Roaming\npm\node_modules\browserify\node_modules\resolve\lib\async.js:22:47
    at FSReqWrap.oncomplete (fs.js:82:15)
]
[1485676401386] [Sun, 29 Jan 2017 07:53:21 GMT] [error] [Command failed: C:\WINDOWS\system32\cmd.exe /s /c "browserify ./dist/views/app.jsx --debug -o ./dist/public/js/bundle.js"
Error: Cannot find module '../../modules/load-data' from 'E:\GIT FILES\Sites\bubble\dist\views\jsx'
    at C:\Users\trash\AppData\Roaming\npm\node_modules\browserify\node_modules\resolve\lib\async.js:55:21
    at load (C:\Users\trash\AppData\Roaming\npm\node_modules\browserify\node_modules\resolve\lib\async.js:69:43)
    at onex (C:\Users\trash\AppData\Roaming\npm\node_modules\browserify\node_modules\resolve\lib\async.js:92:31)
    at C:\Users\trash\AppData\Roaming\npm\node_modules\browserify\node_modules\resolve\lib\async.js:22:47
    at FSReqWrap.oncomplete (fs.js:82:15)
]
[1485676425790] [Sun, 29 Jan 2017 07:53:45 GMT] [error] [Command failed: C:\WINDOWS\system32\cmd.exe /s /c "browserify ./dist/views/app.jsx --debug -o ./dist/public/js/bundle.js"
Error: Cannot find module '../../modules/ajax' from 'E:\GIT FILES\Sites\bubble\dist\views\jsx'
    at C:\Users\trash\AppData\Roaming\npm\node_modules\browserify\node_modules\resolve\lib\async.js:55:21
    at load (C:\Users\trash\AppData\Roaming\npm\node_modules\browserify\node_modules\resolve\lib\async.js:69:43)
    at onex (C:\Users\trash\AppData\Roaming\npm\node_modules\browserify\node_modules\resolve\lib\async.js:92:31)
    at C:\Users\trash\AppData\Roaming\npm\node_modules\browserify\node_modules\resolve\lib\async.js:22:47
    at FSReqWrap.oncomplete (fs.js:82:15)
]
[1485676473986] [Sun, 29 Jan 2017 07:54:33 GMT] [error] [Command failed: C:\WINDOWS\system32\cmd.exe /s /c "browserify ./dist/views/app.jsx --debug -o ./dist/public/js/bundle.js"
Error: Cannot find module '../../modules/load-data' from 'E:\GIT FILES\Sites\bubble\dist\views\jsx'
    at C:\Users\trash\AppData\Roaming\npm\node_modules\browserify\node_modules\resolve\lib\async.js:55:21
    at load (C:\Users\trash\AppData\Roaming\npm\node_modules\browserify\node_modules\resolve\lib\async.js:69:43)
    at onex (C:\Users\trash\AppData\Roaming\npm\node_modules\browserify\node_modules\resolve\lib\async.js:92:31)
    at C:\Users\trash\AppData\Roaming\npm\node_modules\browserify\node_modules\resolve\lib\async.js:22:47
    at FSReqWrap.oncomplete (fs.js:82:15)
]
[1485676480512] [Sun, 29 Jan 2017 07:54:40 GMT] [error] [Command failed: C:\WINDOWS\system32\cmd.exe /s /c "browserify ./dist/views/app.jsx --debug -o ./dist/public/js/bundle.js"
Error: Cannot find module '../../modules/load-data' from 'E:\GIT FILES\Sites\bubble\dist\views\jsx'
    at C:\Users\trash\AppData\Roaming\npm\node_modules\browserify\node_modules\resolve\lib\async.js:55:21
    at load (C:\Users\trash\AppData\Roaming\npm\node_modules\browserify\node_modules\resolve\lib\async.js:69:43)
    at onex (C:\Users\trash\AppData\Roaming\npm\node_modules\browserify\node_modules\resolve\lib\async.js:92:31)
    at C:\Users\trash\AppData\Roaming\npm\node_modules\browserify\node_modules\resolve\lib\async.js:22:47
    at FSReqWrap.oncomplete (fs.js:82:15)
]
[1485676480940] [Sun, 29 Jan 2017 07:54:40 GMT] [error] [Command failed: C:\WINDOWS\system32\cmd.exe /s /c "browserify ./dist/views/app.jsx --debug -o ./dist/public/js/bundle.js"
Error: Cannot find module '../../modules/load-data' from 'E:\GIT FILES\Sites\bubble\dist\views\jsx'
    at C:\Users\trash\AppData\Roaming\npm\node_modules\browserify\node_modules\resolve\lib\async.js:55:21
    at load (C:\Users\trash\AppData\Roaming\npm\node_modules\browserify\node_modules\resolve\lib\async.js:69:43)
    at onex (C:\Users\trash\AppData\Roaming\npm\node_modules\browserify\node_modules\resolve\lib\async.js:92:31)
    at C:\Users\trash\AppData\Roaming\npm\node_modules\browserify\node_modules\resolve\lib\async.js:22:47
    at FSReqWrap.oncomplete (fs.js:82:15)
]
[1485676480978] [Sun, 29 Jan 2017 07:54:40 GMT] [error] [Command failed: C:\WINDOWS\system32\cmd.exe /s /c "browserify ./dist/views/app.jsx --debug -g [ envify --NODE_ENV 'production' ] | uglifyjs > ./dist/public/js/bundle-live.js"
The process cannot access the file because it is being used by another process.
Error: Cannot find module '../../modules/load-data' from 'E:\GIT FILES\Sites\bubble\dist\views\jsx'
    at C:\Users\trash\AppData\Roaming\npm\node_modules\browserify\node_modules\resolve\lib\async.js:55:21
    at load (C:\Users\trash\AppData\Roaming\npm\node_modules\browserify\node_modules\resolve\lib\async.js:69:43)
    at onex (C:\Users\trash\AppData\Roaming\npm\node_modules\browserify\node_modules\resolve\lib\async.js:92:31)
    at C:\Users\trash\AppData\Roaming\npm\node_modules\browserify\node_modules\resolve\lib\async.js:22:47
    at FSReqWrap.oncomplete (fs.js:82:15)
]
[1485676491874] [Sun, 29 Jan 2017 07:54:51 GMT] [error] [Command failed: C:\WINDOWS\system32\cmd.exe /s /c "browserify ./dist/views/app.jsx --debug -o ./dist/public/js/bundle.js"
Error: Cannot find module '../../modules/ajax' from 'E:\GIT FILES\Sites\bubble\dist\views\jsx'
    at C:\Users\trash\AppData\Roaming\npm\node_modules\browserify\node_modules\resolve\lib\async.js:55:21
    at load (C:\Users\trash\AppData\Roaming\npm\node_modules\browserify\node_modules\resolve\lib\async.js:69:43)
    at onex (C:\Users\trash\AppData\Roaming\npm\node_modules\browserify\node_modules\resolve\lib\async.js:92:31)
    at C:\Users\trash\AppData\Roaming\npm\node_modules\browserify\node_modules\resolve\lib\async.js:22:47
    at FSReqWrap.oncomplete (fs.js:82:15)
]
[1485676501369] [Sun, 29 Jan 2017 07:55:01 GMT] [error] [Command failed: C:\WINDOWS\system32\cmd.exe /s /c "browserify ./dist/views/app.jsx --debug -o ./dist/public/js/bundle.js"
Error: Cannot find module '../../modules/ajax' from 'E:\GIT FILES\Sites\bubble\dist\views\jsx'
    at C:\Users\trash\AppData\Roaming\npm\node_modules\browserify\node_modules\resolve\lib\async.js:55:21
    at load (C:\Users\trash\AppData\Roaming\npm\node_modules\browserify\node_modules\resolve\lib\async.js:69:43)
    at onex (C:\Users\trash\AppData\Roaming\npm\node_modules\browserify\node_modules\resolve\lib\async.js:92:31)
    at C:\Users\trash\AppData\Roaming\npm\node_modules\browserify\node_modules\resolve\lib\async.js:22:47
    at FSReqWrap.oncomplete (fs.js:82:15)
]
[1485676509626] [Sun, 29 Jan 2017 07:55:09 GMT] [error] [Command failed: C:\WINDOWS\system32\cmd.exe /s /c "browserify ./dist/views/app.jsx --debug -o ./dist/public/js/bundle.js"
Error: Cannot find module '../../modules/ajax' from 'E:\GIT FILES\Sites\bubble\dist\views\jsx'
    at C:\Users\trash\AppData\Roaming\npm\node_modules\browserify\node_modules\resolve\lib\async.js:55:21
    at load (C:\Users\trash\AppData\Roaming\npm\node_modules\browserify\node_modules\resolve\lib\async.js:69:43)
    at onex (C:\Users\trash\AppData\Roaming\npm\node_modules\browserify\node_modules\resolve\lib\async.js:92:31)
    at C:\Users\trash\AppData\Roaming\npm\node_modules\browserify\node_modules\resolve\lib\async.js:22:47
    at FSReqWrap.oncomplete (fs.js:82:15)
]
[1485676527006] [Sun, 29 Jan 2017 07:55:27 GMT] [error] [Command failed: C:\WINDOWS\system32\cmd.exe /s /c "browserify ./dist/views/app.jsx --debug -o ./dist/public/js/bundle.js"
Error: Cannot find module '../../modules/load-data' from 'E:\GIT FILES\Sites\bubble\dist\views\jsx'
    at C:\Users\trash\AppData\Roaming\npm\node_modules\browserify\node_modules\resolve\lib\async.js:55:21
    at load (C:\Users\trash\AppData\Roaming\npm\node_modules\browserify\node_modules\resolve\lib\async.js:69:43)
    at onex (C:\Users\trash\AppData\Roaming\npm\node_modules\browserify\node_modules\resolve\lib\async.js:92:31)
    at C:\Users\trash\AppData\Roaming\npm\node_modules\browserify\node_modules\resolve\lib\async.js:22:47
    at FSReqWrap.oncomplete (fs.js:82:15)
]
[1485676531742] [Sun, 29 Jan 2017 07:55:31 GMT] [error] [Command failed: C:\WINDOWS\system32\cmd.exe /s /c "browserify ./dist/views/app.jsx --debug -o ./dist/public/js/bundle.js"
Error: Cannot find module '../../modules/load-data' from 'E:\GIT FILES\Sites\bubble\dist\views\jsx'
    at C:\Users\trash\AppData\Roaming\npm\node_modules\browserify\node_modules\resolve\lib\async.js:55:21
    at load (C:\Users\trash\AppData\Roaming\npm\node_modules\browserify\node_modules\resolve\lib\async.js:69:43)
    at onex (C:\Users\trash\AppData\Roaming\npm\node_modules\browserify\node_modules\resolve\lib\async.js:92:31)
    at C:\Users\trash\AppData\Roaming\npm\node_modules\browserify\node_modules\resolve\lib\async.js:22:47
    at FSReqWrap.oncomplete (fs.js:82:15)
]
[1485676557219] [Sun, 29 Jan 2017 07:55:57 GMT] [error] [Command failed: C:\WINDOWS\system32\cmd.exe /s /c "browserify ./dist/views/app.jsx --debug -o ./dist/public/js/bundle.js"
Error: Cannot find module '../../modules/load-data' from 'E:\GIT FILES\Sites\bubble\dist\views\jsx'
    at C:\Users\trash\AppData\Roaming\npm\node_modules\browserify\node_modules\resolve\lib\async.js:55:21
    at load (C:\Users\trash\AppData\Roaming\npm\node_modules\browserify\node_modules\resolve\lib\async.js:69:43)
    at onex (C:\Users\trash\AppData\Roaming\npm\node_modules\browserify\node_modules\resolve\lib\async.js:92:31)
    at C:\Users\trash\AppData\Roaming\npm\node_modules\browserify\node_modules\resolve\lib\async.js:22:47
    at FSReqWrap.oncomplete (fs.js:82:15)
]
[1485676586055] [Sun, 29 Jan 2017 07:56:26 GMT] [error] [Command failed: C:\WINDOWS\system32\cmd.exe /s /c "browserify ./dist/views/app.jsx --debug -o ./dist/public/js/bundle.js"
Error: Cannot find module '../../modules/load-data' from 'E:\GIT FILES\Sites\bubble\dist\views\jsx'
    at C:\Users\trash\AppData\Roaming\npm\node_modules\browserify\node_modules\resolve\lib\async.js:55:21
    at load (C:\Users\trash\AppData\Roaming\npm\node_modules\browserify\node_modules\resolve\lib\async.js:69:43)
    at onex (C:\Users\trash\AppData\Roaming\npm\node_modules\browserify\node_modules\resolve\lib\async.js:92:31)
    at C:\Users\trash\AppData\Roaming\npm\node_modules\browserify\node_modules\resolve\lib\async.js:22:47
    at FSReqWrap.oncomplete (fs.js:82:15)
]
[1485679612165] [Sun, 29 Jan 2017 08:46:52 GMT] [error] [Command failed: C:\WINDOWS\system32\cmd.exe /s /c "browserify ./dist/views/app.jsx --debug -g [ envify --NODE_ENV 'production' ] | uglifyjs > ./dist/public/js/bundle-live.js"
The process cannot access the file because it is being used by another process.
]
[1485679999262] [Sun, 29 Jan 2017 08:53:19 GMT] [error] [Command failed: C:\WINDOWS\system32\cmd.exe /s /c "browserify ./dist/views/app.jsx --debug -g [ envify --NODE_ENV 'production' ] | uglifyjs > ./dist/public/js/bundle-live.js"
The process cannot access the file because it is being used by another process.
]
[1485689698121] [Sun, 29 Jan 2017 11:34:58 GMT] [error] [Command failed: C:\WINDOWS\system32\cmd.exe /s /c "browserify ./dist/views/app.jsx --debug -g [ envify --NODE_ENV 'production' ] | uglifyjs > ./dist/public/js/bundle-live.js"
The process cannot access the file because it is being used by another process.
]
[1485690227336] [Sun, 29 Jan 2017 11:43:47 GMT] [error] [Command failed: C:\WINDOWS\system32\cmd.exe /s /c "browserify ./dist/views/app.jsx --debug -g [ envify --NODE_ENV 'production' ] | uglifyjs > ./dist/public/js/bundle-live.js"
The process cannot access the file because it is being used by another process.
]
[1485690381971] [Sun, 29 Jan 2017 11:46:21 GMT] [error] [Command failed: C:\WINDOWS\system32\cmd.exe /s /c "browserify ./dist/views/app.jsx --debug -g [ envify --NODE_ENV 'production' ] | uglifyjs > ./dist/public/js/bundle-live.js"
The process cannot access the file because it is being used by another process.
]
[1485693989307] [Sun, 29 Jan 2017 12:46:29 GMT] [error] [Command failed: C:\WINDOWS\system32\cmd.exe /s /c "browserify ./dist/views/app.jsx --debug -g [ envify --NODE_ENV 'production' ] | uglifyjs > ./dist/public/js/bundle-live.js"
The process cannot access the file because it is being used by another process.
]
[1486240095904] [Sat, 04 Feb 2017 20:28:15 GMT] [error] [Command failed: C:\WINDOWS\system32\cmd.exe /s /c "browserify ./dist/views/app.jsx --debug -g [ envify --NODE_ENV 'production' ] | uglifyjs > ./dist/public/js/bundle-live.js"
The process cannot access the file because it is being used by another process.
]
[1486246654621] [Sat, 04 Feb 2017 22:17:34 GMT] [error] [Command failed: C:\WINDOWS\system32\cmd.exe /s /c "browserify ./dist/views/app.jsx --debug -g [ envify --NODE_ENV 'production' ] | uglifyjs > ./dist/public/js/bundle-live.js"
The process cannot access the file because it is being used by another process.
]
[1486366038828] [Mon, 06 Feb 2017 07:27:18 GMT] [error] [Command failed: C:\WINDOWS\system32\cmd.exe /s /c "browserify ./dist/views/app.jsx --debug -o ./dist/public/js/bundle.js"
Error: Cannot find module '../../modules/client/load-data' from 'E:\GIT FILES\Sites\bubble\dist\views\jsx\components'
    at C:\Users\trash\AppData\Roaming\npm\node_modules\browserify\node_modules\resolve\lib\async.js:55:21
    at load (C:\Users\trash\AppData\Roaming\npm\node_modules\browserify\node_modules\resolve\lib\async.js:69:43)
    at onex (C:\Users\trash\AppData\Roaming\npm\node_modules\browserify\node_modules\resolve\lib\async.js:92:31)
    at C:\Users\trash\AppData\Roaming\npm\node_modules\browserify\node_modules\resolve\lib\async.js:22:47
    at FSReqWrap.oncomplete (fs.js:82:15)
]
[1486366236117] [Mon, 06 Feb 2017 07:30:36 GMT] [error] [Command failed: C:\WINDOWS\system32\cmd.exe /s /c "browserify ./dist/views/app.jsx --debug -o ./dist/public/js/bundle.js"
Error: Cannot find module '../../modules/client/load-data' from 'E:\GIT FILES\Sites\bubble\dist\views\jsx\components'
    at C:\Users\trash\AppData\Roaming\npm\node_modules\browserify\node_modules\resolve\lib\async.js:55:21
    at load (C:\Users\trash\AppData\Roaming\npm\node_modules\browserify\node_modules\resolve\lib\async.js:69:43)
    at onex (C:\Users\trash\AppData\Roaming\npm\node_modules\browserify\node_modules\resolve\lib\async.js:92:31)
    at C:\Users\trash\AppData\Roaming\npm\node_modules\browserify\node_modules\resolve\lib\async.js:22:47
    at FSReqWrap.oncomplete (fs.js:82:15)
]
[1486366244488] [Mon, 06 Feb 2017 07:30:44 GMT] [error] [Command failed: C:\WINDOWS\system32\cmd.exe /s /c "browserify ./dist/views/app.jsx --debug -o ./dist/public/js/bundle.js"
Error: Cannot find module '../../modules/client/load-data' from 'E:\GIT FILES\Sites\bubble\dist\views\jsx\components'
    at C:\Users\trash\AppData\Roaming\npm\node_modules\browserify\node_modules\resolve\lib\async.js:55:21
    at load (C:\Users\trash\AppData\Roaming\npm\node_modules\browserify\node_modules\resolve\lib\async.js:69:43)
    at onex (C:\Users\trash\AppData\Roaming\npm\node_modules\browserify\node_modules\resolve\lib\async.js:92:31)
    at C:\Users\trash\AppData\Roaming\npm\node_modules\browserify\node_modules\resolve\lib\async.js:22:47
    at FSReqWrap.oncomplete (fs.js:82:15)
]
[1486373276870] [Mon, 06 Feb 2017 09:27:56 GMT] [error] [Command failed: C:\WINDOWS\system32\cmd.exe /s /c "browserify ./dist/views/app.jsx --debug -g [ envify --NODE_ENV 'production' ] | uglifyjs > ./dist/public/js/bundle-live.js"
The process cannot access the file because it is being used by another process.
]
[1486382210370] [Mon, 06 Feb 2017 11:56:50 GMT] [error] [Command failed: C:\WINDOWS\system32\cmd.exe /s /c "browserify ./dist/views/app.jsx --debug -g [ envify --NODE_ENV 'production' ] | uglifyjs > ./dist/public/js/bundle-live.js"
The process cannot access the file because it is being used by another process.
]
[1486453631608] [Tue, 07 Feb 2017 07:47:11 GMT] [error] [Command failed: C:\WINDOWS\system32\cmd.exe /s /c "npm run-script flow && browserify ./dist/views/app.jsx --debug -g | flow-remove-types | uglifyjs > ./dist/public/js/bundle-live.js"
flow.exe: unexpected argument 'test'.
Usage: flow.exe [COMMAND] 

Valid values for COMMAND:
  ast             Print the AST
  autocomplete    Queries autocompletion information
  check           Does a full Flow check and prints the results
  check-contents  Run typechecker on contents from stdin
  coverage        Shows coverage information for a given file
  find-module     Resolves a module reference to a file
  find-refs       Gets the reference locations of a variable or property
  force-recheck   Forces the server to recheck a given list of files
  gen-flow-files  EXPERIMENTAL: Generate minimal .js.flow files for publishing to npm.
  get-def         Gets the definition location of a variable or property
  get-importers   Gets a list of all importers for one or more given modules
  get-imports     Get names of all modules imported by one or more given modules
  init            Initializes a directory to be used as a flow root directory
  ls              Lists files visible to Flow
  port            Shows ported type annotations for given files
  server          Runs a Flow server in the foreground
  start           Starts a Flow server
  status          (default) Shows current Flow errors by asking the Flow server
  stop            Stops a Flow server
  suggest         Shows type annotation suggestions for given files
  type-at-pos     Shows the type at a given file and position
  version         Print version information

Default values if unspecified:
  COMMAND	status

Status command options:
  --color                           Display terminal output in color. never, always, auto (default: auto)
  --from                            Specify client (for use by editor plugins)
  --help                            This list of options
  --ignore-version                  Ignore the version constraint in .flowconfig
  --json                            Output results in JSON format
  --no-auto-start                   If the server is not running, do not start it; just exit
  --one-line                        Escapes newlines so that each error prints on one line
  --pretty                          Pretty-print JSON output (implies --json)
  --quiet                           Suppress output about server startup
  --retries                         Set the number of retries. (default: 3)
  --retry-if-init                   retry if the server is initializing (default: true)
  --sharedmemory-dep-table-pow      The exponent for the size of the shared memory dependency table. The default is 17, implying a size of 2^17 bytes
  --sharedmemory-dirs               Directory in which to store shared memory heap (default: /dev/shm/)
  --sharedmemory-hash-table-pow     The exponent for the size of the shared memory hash table. The default is 19, implying a size of 2^19 bytes
  --sharedmemory-log-level          The logging level for shared memory statistics. 0=none, 1=some
  --sharedmemory-minimum-available  Flow will only use a filesystem for shared memory if it has at least these many bytes available (default: 536870912 - which is 512MB)
  --show-all-errors                 Print all errors (the default is to truncate after 50 errors)
  --strip-root                      Print paths without the root
  --temp-dir                        Directory in which to store temp files (default: /tmp/flow/)
  --timeout                         Maximum time to wait, in seconds
  --version                         (Deprecated, use `flow version` instead) Print version number and exit

npm ERR! Windows_NT 10.0.14393
npm ERR! argv "C:\\Program Files\\nodejs\\node.exe" "C:\\Program Files\\nodejs\\node_modules\\npm\\bin\\npm-cli.js" "run-script" "flow"
npm ERR! node v4.4.7
npm ERR! npm  v2.15.8
npm ERR! code ELIFECYCLE
npm ERR! bubble@0.10.5 flow: `flow; test $? -eq 0 -o $? -eq 2`
npm ERR! Exit status 64
npm ERR! 
npm ERR! Failed at the bubble@0.10.5 flow script 'flow; test $? -eq 0 -o $? -eq 2'.
npm ERR! This is most likely a problem with the bubble package,
npm ERR! not with npm itself.
npm ERR! Tell the author that this fails on your system:
npm ERR!     flow; test $? -eq 0 -o $? -eq 2
npm ERR! You can get information on how to open an issue for this project with:
npm ERR!     npm bugs bubble
npm ERR! Or if that isn't available, you can get their info via:
npm ERR! 
npm ERR!     npm owner ls bubble
npm ERR! There is likely additional logging output above.

npm ERR! Please include the following file with any support request:
npm ERR!     E:\GIT FILES\Sites\bubble\npm-debug.log
]
[1486453631609] [Tue, 07 Feb 2017 07:47:11 GMT] [error] [Command failed: C:\WINDOWS\system32\cmd.exe /s /c "npm run-script flow && browserify ./dist/views/app.jsx --debug -g | flow-remove-types --out-dir ./dist/public/js/bundle.js"
flow.exe: unexpected argument 'test'.
Usage: flow.exe [COMMAND] 

Valid values for COMMAND:
  ast             Print the AST
  autocomplete    Queries autocompletion information
  check           Does a full Flow check and prints the results
  check-contents  Run typechecker on contents from stdin
  coverage        Shows coverage information for a given file
  find-module     Resolves a module reference to a file
  find-refs       Gets the reference locations of a variable or property
  force-recheck   Forces the server to recheck a given list of files
  gen-flow-files  EXPERIMENTAL: Generate minimal .js.flow files for publishing to npm.
  get-def         Gets the definition location of a variable or property
  get-importers   Gets a list of all importers for one or more given modules
  get-imports     Get names of all modules imported by one or more given modules
  init            Initializes a directory to be used as a flow root directory
  ls              Lists files visible to Flow
  port            Shows ported type annotations for given files
  server          Runs a Flow server in the foreground
  start           Starts a Flow server
  status          (default) Shows current Flow errors by asking the Flow server
  stop            Stops a Flow server
  suggest         Shows type annotation suggestions for given files
  type-at-pos     Shows the type at a given file and position
  version         Print version information

Default values if unspecified:
  COMMAND	status

Status command options:
  --color                           Display terminal output in color. never, always, auto (default: auto)
  --from                            Specify client (for use by editor plugins)
  --help                            This list of options
  --ignore-version                  Ignore the version constraint in .flowconfig
  --json                            Output results in JSON format
  --no-auto-start                   If the server is not running, do not start it; just exit
  --one-line                        Escapes newlines so that each error prints on one line
  --pretty                          Pretty-print JSON output (implies --json)
  --quiet                           Suppress output about server startup
  --retries                         Set the number of retries. (default: 3)
  --retry-if-init                   retry if the server is initializing (default: true)
  --sharedmemory-dep-table-pow      The exponent for the size of the shared memory dependency table. The default is 17, implying a size of 2^17 bytes
  --sharedmemory-dirs               Directory in which to store shared memory heap (default: /dev/shm/)
  --sharedmemory-hash-table-pow     The exponent for the size of the shared memory hash table. The default is 19, implying a size of 2^19 bytes
  --sharedmemory-log-level          The logging level for shared memory statistics. 0=none, 1=some
  --sharedmemory-minimum-available  Flow will only use a filesystem for shared memory if it has at least these many bytes available (default: 536870912 - which is 512MB)
  --show-all-errors                 Print all errors (the default is to truncate after 50 errors)
  --strip-root                      Print paths without the root
  --temp-dir                        Directory in which to store temp files (default: /tmp/flow/)
  --timeout                         Maximum time to wait, in seconds
  --version                         (Deprecated, use `flow version` instead) Print version number and exit

npm ERR! Windows_NT 10.0.14393
npm ERR! argv "C:\\Program Files\\nodejs\\node.exe" "C:\\Program Files\\nodejs\\node_modules\\npm\\bin\\npm-cli.js" "run-script" "flow"
npm ERR! node v4.4.7
npm ERR! npm  v2.15.8
npm ERR! code ELIFECYCLE
npm ERR! bubble@0.10.5 flow: `flow; test $? -eq 0 -o $? -eq 2`
npm ERR! Exit status 64
npm ERR! 
npm ERR! Failed at the bubble@0.10.5 flow script 'flow; test $? -eq 0 -o $? -eq 2'.
npm ERR! This is most likely a problem with the bubble package,
npm ERR! not with npm itself.
npm ERR! Tell the author that this fails on your system:
npm ERR!     flow; test $? -eq 0 -o $? -eq 2
npm ERR! You can get information on how to open an issue for this project with:
npm ERR!     npm bugs bubble
npm ERR! Or if that isn't available, you can get their info via:
npm ERR! 
npm ERR!     npm owner ls bubble
npm ERR! There is likely additional logging output above.

npm ERR! Please include the following file with any support request:
npm ERR!     E:\GIT FILES\Sites\bubble\npm-debug.log
]
[1486454024631] [Tue, 07 Feb 2017 07:53:44 GMT] [error] [Command failed: C:\WINDOWS\system32\cmd.exe /s /c "npm run-script flow && browserify ./dist/views/app.jsx --debug -g | flow-remove-types --out-dir ./dist/public/js/bundle.js"
flow.exe: unexpected argument 'flow'.
Usage: flow.exe [COMMAND] 

Valid values for COMMAND:
  ast             Print the AST
  autocomplete    Queries autocompletion information
  check           Does a full Flow check and prints the results
  check-contents  Run typechecker on contents from stdin
  coverage        Shows coverage information for a given file
  find-module     Resolves a module reference to a file
  find-refs       Gets the reference locations of a variable or property
  force-recheck   Forces the server to recheck a given list of files
  gen-flow-files  EXPERIMENTAL: Generate minimal .js.flow files for publishing to npm.
  get-def         Gets the definition location of a variable or property
  get-importers   Gets a list of all importers for one or more given modules
  get-imports     Get names of all modules imported by one or more given modules
  init            Initializes a directory to be used as a flow root directory
  ls              Lists files visible to Flow
  port            Shows ported type annotations for given files
  server          Runs a Flow server in the foreground
  start           Starts a Flow server
  status          (default) Shows current Flow errors by asking the Flow server
  stop            Stops a Flow server
  suggest         Shows type annotation suggestions for given files
  type-at-pos     Shows the type at a given file and position
  version         Print version information

Default values if unspecified:
  COMMAND	status

Status command options:
  --color                           Display terminal output in color. never, always, auto (default: auto)
  --from                            Specify client (for use by editor plugins)
  --help                            This list of options
  --ignore-version                  Ignore the version constraint in .flowconfig
  --json                            Output results in JSON format
  --no-auto-start                   If the server is not running, do not start it; just exit
  --one-line                        Escapes newlines so that each error prints on one line
  --pretty                          Pretty-print JSON output (implies --json)
  --quiet                           Suppress output about server startup
  --retries                         Set the number of retries. (default: 3)
  --retry-if-init                   retry if the server is initializing (default: true)
  --sharedmemory-dep-table-pow      The exponent for the size of the shared memory dependency table. The default is 17, implying a size of 2^17 bytes
  --sharedmemory-dirs               Directory in which to store shared memory heap (default: /dev/shm/)
  --sharedmemory-hash-table-pow     The exponent for the size of the shared memory hash table. The default is 19, implying a size of 2^19 bytes
  --sharedmemory-log-level          The logging level for shared memory statistics. 0=none, 1=some
  --sharedmemory-minimum-available  Flow will only use a filesystem for shared memory if it has at least these many bytes available (default: 536870912 - which is 512MB)
  --show-all-errors                 Print all errors (the default is to truncate after 50 errors)
  --strip-root                      Print paths without the root
  --temp-dir                        Directory in which to store temp files (default: /tmp/flow/)
  --timeout                         Maximum time to wait, in seconds
  --version                         (Deprecated, use `flow version` instead) Print version number and exit

npm ERR! Windows_NT 10.0.14393
npm ERR! argv "C:\\Program Files\\nodejs\\node.exe" "C:\\Program Files\\nodejs\\node_modules\\npm\\bin\\npm-cli.js" "run-script" "flow"
npm ERR! node v4.4.7
npm ERR! npm  v2.15.8
npm ERR! code ELIFECYCLE
npm ERR! bubble@0.10.5 flow: `flow; flow $? -eq 0 -o $? -eq 2`
npm ERR! Exit status 64
npm ERR! 
npm ERR! Failed at the bubble@0.10.5 flow script 'flow; flow $? -eq 0 -o $? -eq 2'.
npm ERR! This is most likely a problem with the bubble package,
npm ERR! not with npm itself.
npm ERR! Tell the author that this fails on your system:
npm ERR!     flow; flow $? -eq 0 -o $? -eq 2
npm ERR! You can get information on how to open an issue for this project with:
npm ERR!     npm bugs bubble
npm ERR! Or if that isn't available, you can get their info via:
npm ERR! 
npm ERR!     npm owner ls bubble
npm ERR! There is likely additional logging output above.

npm ERR! Please include the following file with any support request:
npm ERR!     E:\GIT FILES\Sites\bubble\npm-debug.log
]
[1486454024631] [Tue, 07 Feb 2017 07:53:44 GMT] [error] [Command failed: C:\WINDOWS\system32\cmd.exe /s /c "npm run-script flow && browserify ./dist/views/app.jsx --debug -g | flow-remove-types | uglifyjs > ./dist/public/js/bundle-live.js"
flow.exe: unexpected argument 'flow'.
Usage: flow.exe [COMMAND] 

Valid values for COMMAND:
  ast             Print the AST
  autocomplete    Queries autocompletion information
  check           Does a full Flow check and prints the results
  check-contents  Run typechecker on contents from stdin
  coverage        Shows coverage information for a given file
  find-module     Resolves a module reference to a file
  find-refs       Gets the reference locations of a variable or property
  force-recheck   Forces the server to recheck a given list of files
  gen-flow-files  EXPERIMENTAL: Generate minimal .js.flow files for publishing to npm.
  get-def         Gets the definition location of a variable or property
  get-importers   Gets a list of all importers for one or more given modules
  get-imports     Get names of all modules imported by one or more given modules
  init            Initializes a directory to be used as a flow root directory
  ls              Lists files visible to Flow
  port            Shows ported type annotations for given files
  server          Runs a Flow server in the foreground
  start           Starts a Flow server
  status          (default) Shows current Flow errors by asking the Flow server
  stop            Stops a Flow server
  suggest         Shows type annotation suggestions for given files
  type-at-pos     Shows the type at a given file and position
  version         Print version information

Default values if unspecified:
  COMMAND	status

Status command options:
  --color                           Display terminal output in color. never, always, auto (default: auto)
  --from                            Specify client (for use by editor plugins)
  --help                            This list of options
  --ignore-version                  Ignore the version constraint in .flowconfig
  --json                            Output results in JSON format
  --no-auto-start                   If the server is not running, do not start it; just exit
  --one-line                        Escapes newlines so that each error prints on one line
  --pretty                          Pretty-print JSON output (implies --json)
  --quiet                           Suppress output about server startup
  --retries                         Set the number of retries. (default: 3)
  --retry-if-init                   retry if the server is initializing (default: true)
  --sharedmemory-dep-table-pow      The exponent for the size of the shared memory dependency table. The default is 17, implying a size of 2^17 bytes
  --sharedmemory-dirs               Directory in which to store shared memory heap (default: /dev/shm/)
  --sharedmemory-hash-table-pow     The exponent for the size of the shared memory hash table. The default is 19, implying a size of 2^19 bytes
  --sharedmemory-log-level          The logging level for shared memory statistics. 0=none, 1=some
  --sharedmemory-minimum-available  Flow will only use a filesystem for shared memory if it has at least these many bytes available (default: 536870912 - which is 512MB)
  --show-all-errors                 Print all errors (the default is to truncate after 50 errors)
  --strip-root                      Print paths without the root
  --temp-dir                        Directory in which to store temp files (default: /tmp/flow/)
  --timeout                         Maximum time to wait, in seconds
  --version                         (Deprecated, use `flow version` instead) Print version number and exit

npm ERR! Windows_NT 10.0.14393
npm ERR! argv "C:\\Program Files\\nodejs\\node.exe" "C:\\Program Files\\nodejs\\node_modules\\npm\\bin\\npm-cli.js" "run-script" "flow"
npm ERR! node v4.4.7
npm ERR! npm  v2.15.8
npm ERR! code ELIFECYCLE
npm ERR! bubble@0.10.5 flow: `flow; flow $? -eq 0 -o $? -eq 2`
npm ERR! Exit status 64
npm ERR! 
npm ERR! Failed at the bubble@0.10.5 flow script 'flow; flow $? -eq 0 -o $? -eq 2'.
npm ERR! This is most likely a problem with the bubble package,
npm ERR! not with npm itself.
npm ERR! Tell the author that this fails on your system:
npm ERR!     flow; flow $? -eq 0 -o $? -eq 2
npm ERR! You can get information on how to open an issue for this project with:
npm ERR!     npm bugs bubble
npm ERR! Or if that isn't available, you can get their info via:
npm ERR! 
npm ERR!     npm owner ls bubble
npm ERR! There is likely additional logging output above.

npm ERR! Please include the following file with any support request:
npm ERR!     E:\GIT FILES\Sites\bubble\npm-debug.log
]
[1486454050819] [Tue, 07 Feb 2017 07:54:10 GMT] [error] [Command failed: C:\WINDOWS\system32\cmd.exe /s /c "npm run-script flow && browserify ./dist/views/app.jsx --debug -g | flow-remove-types | uglifyjs > ./dist/public/js/bundle-live.js"
flow.exe: unexpected argument 'check'.
Usage: flow.exe [COMMAND] 

Valid values for COMMAND:
  ast             Print the AST
  autocomplete    Queries autocompletion information
  check           Does a full Flow check and prints the results
  check-contents  Run typechecker on contents from stdin
  coverage        Shows coverage information for a given file
  find-module     Resolves a module reference to a file
  find-refs       Gets the reference locations of a variable or property
  force-recheck   Forces the server to recheck a given list of files
  gen-flow-files  EXPERIMENTAL: Generate minimal .js.flow files for publishing to npm.
  get-def         Gets the definition location of a variable or property
  get-importers   Gets a list of all importers for one or more given modules
  get-imports     Get names of all modules imported by one or more given modules
  init            Initializes a directory to be used as a flow root directory
  ls              Lists files visible to Flow
  port            Shows ported type annotations for given files
  server          Runs a Flow server in the foreground
  start           Starts a Flow server
  status          (default) Shows current Flow errors by asking the Flow server
  stop            Stops a Flow server
  suggest         Shows type annotation suggestions for given files
  type-at-pos     Shows the type at a given file and position
  version         Print version information

Default values if unspecified:
  COMMAND	status

Status command options:
  --color                           Display terminal output in color. never, always, auto (default: auto)
  --from                            Specify client (for use by editor plugins)
  --help                            This list of options
  --ignore-version                  Ignore the version constraint in .flowconfig
  --json                            Output results in JSON format
  --no-auto-start                   If the server is not running, do not start it; just exit
  --one-line                        Escapes newlines so that each error prints on one line
  --pretty                          Pretty-print JSON output (implies --json)
  --quiet                           Suppress output about server startup
  --retries                         Set the number of retries. (default: 3)
  --retry-if-init                   retry if the server is initializing (default: true)
  --sharedmemory-dep-table-pow      The exponent for the size of the shared memory dependency table. The default is 17, implying a size of 2^17 bytes
  --sharedmemory-dirs               Directory in which to store shared memory heap (default: /dev/shm/)
  --sharedmemory-hash-table-pow     The exponent for the size of the shared memory hash table. The default is 19, implying a size of 2^19 bytes
  --sharedmemory-log-level          The logging level for shared memory statistics. 0=none, 1=some
  --sharedmemory-minimum-available  Flow will only use a filesystem for shared memory if it has at least these many bytes available (default: 536870912 - which is 512MB)
  --show-all-errors                 Print all errors (the default is to truncate after 50 errors)
  --strip-root                      Print paths without the root
  --temp-dir                        Directory in which to store temp files (default: /tmp/flow/)
  --timeout                         Maximum time to wait, in seconds
  --version                         (Deprecated, use `flow version` instead) Print version number and exit

npm ERR! Windows_NT 10.0.14393
npm ERR! argv "C:\\Program Files\\nodejs\\node.exe" "C:\\Program Files\\nodejs\\node_modules\\npm\\bin\\npm-cli.js" "run-script" "flow"
npm ERR! node v4.4.7
npm ERR! npm  v2.15.8
npm ERR! code ELIFECYCLE
npm ERR! bubble@0.10.5 flow: `flow; check $? -eq 0 -o $? -eq 2`
npm ERR! Exit status 64
npm ERR! 
npm ERR! Failed at the bubble@0.10.5 flow script 'flow; check $? -eq 0 -o $? -eq 2'.
npm ERR! This is most likely a problem with the bubble package,
npm ERR! not with npm itself.
npm ERR! Tell the author that this fails on your system:
npm ERR!     flow; check $? -eq 0 -o $? -eq 2
npm ERR! You can get information on how to open an issue for this project with:
npm ERR!     npm bugs bubble
npm ERR! Or if that isn't available, you can get their info via:
npm ERR! 
npm ERR!     npm owner ls bubble
npm ERR! There is likely additional logging output above.

npm ERR! Please include the following file with any support request:
npm ERR!     E:\GIT FILES\Sites\bubble\npm-debug.log
]
[1486454050819] [Tue, 07 Feb 2017 07:54:10 GMT] [error] [Command failed: C:\WINDOWS\system32\cmd.exe /s /c "npm run-script flow && browserify ./dist/views/app.jsx --debug -g | flow-remove-types --out-dir ./dist/public/js/bundle.js"
flow.exe: unexpected argument 'check'.
Usage: flow.exe [COMMAND] 

Valid values for COMMAND:
  ast             Print the AST
  autocomplete    Queries autocompletion information
  check           Does a full Flow check and prints the results
  check-contents  Run typechecker on contents from stdin
  coverage        Shows coverage information for a given file
  find-module     Resolves a module reference to a file
  find-refs       Gets the reference locations of a variable or property
  force-recheck   Forces the server to recheck a given list of files
  gen-flow-files  EXPERIMENTAL: Generate minimal .js.flow files for publishing to npm.
  get-def         Gets the definition location of a variable or property
  get-importers   Gets a list of all importers for one or more given modules
  get-imports     Get names of all modules imported by one or more given modules
  init            Initializes a directory to be used as a flow root directory
  ls              Lists files visible to Flow
  port            Shows ported type annotations for given files
  server          Runs a Flow server in the foreground
  start           Starts a Flow server
  status          (default) Shows current Flow errors by asking the Flow server
  stop            Stops a Flow server
  suggest         Shows type annotation suggestions for given files
  type-at-pos     Shows the type at a given file and position
  version         Print version information

Default values if unspecified:
  COMMAND	status

Status command options:
  --color                           Display terminal output in color. never, always, auto (default: auto)
  --from                            Specify client (for use by editor plugins)
  --help                            This list of options
  --ignore-version                  Ignore the version constraint in .flowconfig
  --json                            Output results in JSON format
  --no-auto-start                   If the server is not running, do not start it; just exit
  --one-line                        Escapes newlines so that each error prints on one line
  --pretty                          Pretty-print JSON output (implies --json)
  --quiet                           Suppress output about server startup
  --retries                         Set the number of retries. (default: 3)
  --retry-if-init                   retry if the server is initializing (default: true)
  --sharedmemory-dep-table-pow      The exponent for the size of the shared memory dependency table. The default is 17, implying a size of 2^17 bytes
  --sharedmemory-dirs               Directory in which to store shared memory heap (default: /dev/shm/)
  --sharedmemory-hash-table-pow     The exponent for the size of the shared memory hash table. The default is 19, implying a size of 2^19 bytes
  --sharedmemory-log-level          The logging level for shared memory statistics. 0=none, 1=some
  --sharedmemory-minimum-available  Flow will only use a filesystem for shared memory if it has at least these many bytes available (default: 536870912 - which is 512MB)
  --show-all-errors                 Print all errors (the default is to truncate after 50 errors)
  --strip-root                      Print paths without the root
  --temp-dir                        Directory in which to store temp files (default: /tmp/flow/)
  --timeout                         Maximum time to wait, in seconds
  --version                         (Deprecated, use `flow version` instead) Print version number and exit

npm ERR! Windows_NT 10.0.14393
npm ERR! argv "C:\\Program Files\\nodejs\\node.exe" "C:\\Program Files\\nodejs\\node_modules\\npm\\bin\\npm-cli.js" "run-script" "flow"
npm ERR! node v4.4.7
npm ERR! npm  v2.15.8
npm ERR! code ELIFECYCLE
npm ERR! bubble@0.10.5 flow: `flow; check $? -eq 0 -o $? -eq 2`
npm ERR! Exit status 64
npm ERR! 
npm ERR! Failed at the bubble@0.10.5 flow script 'flow; check $? -eq 0 -o $? -eq 2'.
npm ERR! This is most likely a problem with the bubble package,
npm ERR! not with npm itself.
npm ERR! Tell the author that this fails on your system:
npm ERR!     flow; check $? -eq 0 -o $? -eq 2
npm ERR! You can get information on how to open an issue for this project with:
npm ERR!     npm bugs bubble
npm ERR! Or if that isn't available, you can get their info via:
npm ERR! 
npm ERR!     npm owner ls bubble
npm ERR! There is likely additional logging output above.

npm ERR! Please include the following file with any support request:
npm ERR!     E:\GIT FILES\Sites\bubble\npm-debug.log
]
[1486454323084] [Tue, 07 Feb 2017 07:58:43 GMT] [error] [Command failed: C:\WINDOWS\system32\cmd.exe /s /c "npm run-script flow && browserify ./dist/views/app.jsx --debug -g | flow-remove-types | uglifyjs > ./dist/public/js/bundle-live.js"
On Windows, paths must be less than 248 characters for directories and 260 characters for files. This path has 268 characters. Skipping E:\GIT FILES\Sites\bubble\dist\node_modules\react-jsx\node_modules\babel-preset-react\node_modules\babel-plugin-transform-react-jsx\node_modules\babel-helper-builder-react-jsx\node_modules\babel-types\node_modules\babel-traverse\lib\path\inference\inferer-reference.js
On Windows, paths must be less than 248 characters for directories and 260 characters for files. This path has 264 characters. Skipping E:\GIT FILES\Sites\bubble\dist\node_modules\react-jsx\node_modules\babel-preset-react\node_modules\babel-plugin-transform-react-jsx\node_modules\babel-helper-builder-react-jsx\node_modules\babel-types\node_modules\babel-traverse\node_modules\babylon\bin\babylon.js
On Windows, paths must be less than 248 characters for directories and 260 characters for files. This path has 282 characters. Skipping E:\GIT FILES\Sites\bubble\dist\node_modules\react-jsx\node_modules\babel-preset-react\node_modules\babel-plugin-transform-react-jsx\node_modules\babel-helper-builder-react-jsx\node_modules\babel-types\node_modules\babel-traverse\node_modules\babylon\bin\generate-identifier-regex.js
On Windows, paths must be less than 248 characters for directories and 260 characters for files. This path has 262 characters. Skipping E:\GIT FILES\Sites\bubble\dist\node_modules\react-jsx\node_modules\babel-preset-react\node_modules\babel-plugin-transform-react-jsx\node_modules\babel-helper-builder-react-jsx\node_modules\babel-types\node_modules\babel-traverse\node_modules\babylon\CHANGELOG.md
On Windows, paths must be less than 248 characters for directories and 260 characters for files. This path has 262 characters. Skipping E:\GIT FILES\Sites\bubble\dist\node_modules\react-jsx\node_modules\babel-preset-react\node_modules\babel-plugin-transform-react-jsx\node_modules\babel-helper-builder-react-jsx\node_modules\babel-types\node_modules\babel-traverse\node_modules\babylon\lib\index.js
On Windows, paths must be less than 248 characters for directories and 260 characters for files. This path has 264 characters. Skipping E:\GIT FILES\Sites\bubble\dist\node_modules\react-jsx\node_modules\babel-preset-react\node_modules\babel-plugin-transform-react-jsx\node_modules\babel-helper-builder-react-jsx\node_modules\babel-types\node_modules\babel-traverse\node_modules\babylon\lib\options.js
On Windows, paths must be less than 248 characters for directories and 260 characters for files. This path has 260 characters. Skipping E:\GIT FILES\Sites\bubble\dist\node_modules\react-jsx\node_modules\babel-preset-react\node_modules\babel-plugin-transform-react-jsx\node_modules\babel-helper-builder-react-jsx\node_modules\babel-types\node_modules\babel-traverse\node_modules\babylon\lib\parser
On Windows, paths must be less than 248 characters for directories and 260 characters for files. This path has 261 characters. Skipping E:\GIT FILES\Sites\bubble\dist\node_modules\react-jsx\node_modules\babel-preset-react\node_modules\babel-plugin-transform-react-jsx\node_modules\babel-helper-builder-react-jsx\node_modules\babel-types\node_modules\babel-traverse\node_modules\babylon\lib\plugins
On Windows, paths must be less than 248 characters for directories and 260 characters for files. This path has 263 characters. Skipping E:\GIT FILES\Sites\bubble\dist\node_modules\react-jsx\node_modules\babel-preset-react\node_modules\babel-plugin-transform-react-jsx\node_modules\babel-helper-builder-react-jsx\node_modules\babel-types\node_modules\babel-traverse\node_modules\babylon\lib\tokenizer
On Windows, paths must be less than 248 characters for directories and 260 characters for files. This path has 262 characters. Skipping E:\GIT FILES\Sites\bubble\dist\node_modules\react-jsx\node_modules\babel-preset-react\node_modules\babel-plugin-transform-react-jsx\node_modules\babel-helper-builder-react-jsx\node_modules\babel-types\node_modules\babel-traverse\node_modules\babylon\package.json
On Windows, paths must be less than 248 characters for directories and 260 characters for files. This path has 262 characters. Skipping E:\GIT FILES\Sites\bubble\dist\node_modules\react-jsx\node_modules\babel-preset-react\node_modules\babel-plugin-transform-react-jsx\node_modules\babel-helper-builder-react-jsx\node_modules\babel-types\node_modules\babel-traverse\node_modules\debug\component.json
On Windows, paths must be less than 248 characters for directories and 260 characters for files. This path has 260 characters. Skipping E:\GIT FILES\Sites\bubble\dist\node_modules\react-jsx\node_modules\babel-preset-react\node_modules\babel-plugin-transform-react-jsx\node_modules\babel-helper-builder-react-jsx\node_modules\babel-types\node_modules\babel-traverse\node_modules\debug\node_modules
On Windows, paths must be less than 248 characters for directories and 260 characters for files. This path has 260 characters. Skipping E:\GIT FILES\Sites\bubble\dist\node_modules\react-jsx\node_modules\babel-preset-react\node_modules\babel-plugin-transform-react-jsx\node_modules\babel-helper-builder-react-jsx\node_modules\babel-types\node_modules\babel-traverse\node_modules\debug\package.json
On Windows, paths must be less than 248 characters for directories and 260 characters for files. This path has 262 characters. Skipping E:\GIT FILES\Sites\bubble\dist\node_modules\react-jsx\node_modules\babel-preset-react\node_modules\babel-plugin-transform-react-jsx\node_modules\babel-helper-builder-react-jsx\node_modules\babel-types\node_modules\babel-traverse\node_modules\globals\globals.json
On Windows, paths must be less than 248 characters for directories and 260 characters for files. This path has 262 characters. Skipping E:\GIT FILES\Sites\bubble\dist\node_modules\react-jsx\node_modules\babel-preset-react\node_modules\babel-plugin-transform-react-jsx\node_modules\babel-helper-builder-react-jsx\node_modules\babel-types\node_modules\babel-traverse\node_modules\globals\package.json
On Windows, paths must be less than 248 characters for directories and 260 characters for files. This path has 262 characters. Skipping E:\GIT FILES\Sites\bubble\dist\node_modules\react-jsx\node_modules\babel-preset-react\node_modules\babel-plugin-transform-react-jsx\node_modules\babel-helper-builder-react-jsx\node_modules\babel-types\node_modules\babel-traverse\node_modules\invariant\browser.js
On Windows, paths must be less than 248 characters for directories and 260 characters for files. This path has 264 characters. Skipping E:\GIT FILES\Sites\bubble\dist\node_modules\react-jsx\node_modules\babel-preset-react\node_modules\babel-plugin-transform-react-jsx\node_modules\babel-helper-builder-react-jsx\node_modules\babel-types\node_modules\babel-traverse\node_modules\invariant\CHANGELOG.md
On Windows, paths must be less than 248 characters for directories and 260 characters for files. This path has 264 characters. Skipping E:\GIT FILES\Sites\bubble\dist\node_modules\react-jsx\node_modules\babel-preset-react\node_modules\babel-plugin-transform-react-jsx\node_modules\babel-helper-builder-react-jsx\node_modules\babel-types\node_modules\babel-traverse\node_modules\invariant\invariant.js
On Windows, paths must be less than 248 characters for directories and 260 characters for files. This path has 264 characters. Skipping E:\GIT FILES\Sites\bubble\dist\node_modules\react-jsx\node_modules\babel-preset-react\node_modules\babel-plugin-transform-react-jsx\node_modules\babel-helper-builder-react-jsx\node_modules\babel-types\node_modules\babel-traverse\node_modules\invariant\node_modules
On Windows, paths must be less than 248 characters for directories and 260 characters for files. This path has 264 characters. Skipping E:\GIT FILES\Sites\bubble\dist\node_modules\react-jsx\node_modules\babel-preset-react\node_modules\babel-plugin-transform-react-jsx\node_modules\babel-helper-builder-react-jsx\node_modules\babel-types\node_modules\babel-traverse\node_modules\invariant\package.json
On Windows, paths must be less than 248 characters for directories and 260 characters for files. This path has 261 characters. Skipping E:\GIT FILES\Sites\bubble\dist\node_modules\react-jsx\node_modules\babel-preset-react\node_modules\babel-plugin-transform-react-jsx\node_modules\babel-helper-builder-react-jsx\node_modules\babel-types\node_modules\babel-traverse\node_modules\invariant\README.md
On Windows, paths must be less than 248 characters for directories and 260 characters for files. This path has 261 characters. Skipping E:\GIT FILES\Sites\bubble\node_modules\react-autocomplete-cli\node_modules\yargs\node_modules\read-pkg-up\node_modules\read-pkg\node_modules\normalize-package-data\node_modules\validate-npm-package-license\node_modules\spdx-correct\node_modules\spdx-license-ids
On Windows, paths must be less than 248 characters for directories and 260 characters for files. This path has 261 characters. Skipping E:\GIT FILES\Sites\bubble\node_modules\watch-babel\node_modules\babel-core\node_modules\regenerator\node_modules\defs\node_modules\yargs\node_modules\cliui\node_modules\center-align\node_modules\align-text\node_modules\kind-of\node_modules\is-buffer\.travis.yml
On Windows, paths must be less than 248 characters for directories and 260 characters for files. This path has 262 characters. Skipping E:\GIT FILES\Sites\bubble\node_modules\watch-babel\node_modules\babel-core\node_modules\regenerator\node_modules\defs\node_modules\yargs\node_modules\cliui\node_modules\center-align\node_modules\align-text\node_modules\kind-of\node_modules\is-buffer\package.json
On Windows, paths must be less than 248 characters for directories and 260 characters for files. This path has 263 characters. Skipping E:\GIT FILES\Sites\bubble\node_modules\watch-babel\node_modules\babel-core\node_modules\regenerator\node_modules\defs\node_modules\yargs\node_modules\cliui\node_modules\center-align\node_modules\align-text\node_modules\kind-of\node_modules\is-buffer\test\basic.js
On Windows, paths must be less than 248 characters for directories and 260 characters for files. This path has 260 characters. Skipping E:\GIT FILES\Sites\bubble\node_modules\watch-babel\node_modules\babel-core\node_modules\regenerator\node_modules\defs\node_modules\yargs\node_modules\cliui\node_modules\right-align\node_modules\align-text\node_modules\kind-of\node_modules\is-buffer\.travis.yml
On Windows, paths must be less than 248 characters for directories and 260 characters for files. This path has 261 characters. Skipping E:\GIT FILES\Sites\bubble\node_modules\watch-babel\node_modules\babel-core\node_modules\regenerator\node_modules\defs\node_modules\yargs\node_modules\cliui\node_modules\right-align\node_modules\align-text\node_modules\kind-of\node_modules\is-buffer\package.json
On Windows, paths must be less than 248 characters for directories and 260 characters for files. This path has 262 characters. Skipping E:\GIT FILES\Sites\bubble\node_modules\watch-babel\node_modules\babel-core\node_modules\regenerator\node_modules\defs\node_modules\yargs\node_modules\cliui\node_modules\right-align\node_modules\align-text\node_modules\kind-of\node_modules\is-buffer\test\basic.js
'flow-remove-types' is not recognized as an internal or external command,
operable program or batch file.
]
[1486454323103] [Tue, 07 Feb 2017 07:58:43 GMT] [error] [Command failed: C:\WINDOWS\system32\cmd.exe /s /c "npm run-script flow && browserify ./dist/views/app.jsx --debug -g | flow-remove-types --out-dir ./dist/public/js/bundle.js"
On Windows, paths must be less than 248 characters for directories and 260 characters for files. This path has 268 characters. Skipping E:\GIT FILES\Sites\bubble\dist\node_modules\react-jsx\node_modules\babel-preset-react\node_modules\babel-plugin-transform-react-jsx\node_modules\babel-helper-builder-react-jsx\node_modules\babel-types\node_modules\babel-traverse\lib\path\inference\inferer-reference.js
On Windows, paths must be less than 248 characters for directories and 260 characters for files. This path has 264 characters. Skipping E:\GIT FILES\Sites\bubble\dist\node_modules\react-jsx\node_modules\babel-preset-react\node_modules\babel-plugin-transform-react-jsx\node_modules\babel-helper-builder-react-jsx\node_modules\babel-types\node_modules\babel-traverse\node_modules\babylon\bin\babylon.js
On Windows, paths must be less than 248 characters for directories and 260 characters for files. This path has 282 characters. Skipping E:\GIT FILES\Sites\bubble\dist\node_modules\react-jsx\node_modules\babel-preset-react\node_modules\babel-plugin-transform-react-jsx\node_modules\babel-helper-builder-react-jsx\node_modules\babel-types\node_modules\babel-traverse\node_modules\babylon\bin\generate-identifier-regex.js
On Windows, paths must be less than 248 characters for directories and 260 characters for files. This path has 262 characters. Skipping E:\GIT FILES\Sites\bubble\dist\node_modules\react-jsx\node_modules\babel-preset-react\node_modules\babel-plugin-transform-react-jsx\node_modules\babel-helper-builder-react-jsx\node_modules\babel-types\node_modules\babel-traverse\node_modules\babylon\CHANGELOG.md
On Windows, paths must be less than 248 characters for directories and 260 characters for files. This path has 262 characters. Skipping E:\GIT FILES\Sites\bubble\dist\node_modules\react-jsx\node_modules\babel-preset-react\node_modules\babel-plugin-transform-react-jsx\node_modules\babel-helper-builder-react-jsx\node_modules\babel-types\node_modules\babel-traverse\node_modules\babylon\lib\index.js
On Windows, paths must be less than 248 characters for directories and 260 characters for files. This path has 264 characters. Skipping E:\GIT FILES\Sites\bubble\dist\node_modules\react-jsx\node_modules\babel-preset-react\node_modules\babel-plugin-transform-react-jsx\node_modules\babel-helper-builder-react-jsx\node_modules\babel-types\node_modules\babel-traverse\node_modules\babylon\lib\options.js
On Windows, paths must be less than 248 characters for directories and 260 characters for files. This path has 260 characters. Skipping E:\GIT FILES\Sites\bubble\dist\node_modules\react-jsx\node_modules\babel-preset-react\node_modules\babel-plugin-transform-react-jsx\node_modules\babel-helper-builder-react-jsx\node_modules\babel-types\node_modules\babel-traverse\node_modules\babylon\lib\parser
On Windows, paths must be less than 248 characters for directories and 260 characters for files. This path has 261 characters. Skipping E:\GIT FILES\Sites\bubble\dist\node_modules\react-jsx\node_modules\babel-preset-react\node_modules\babel-plugin-transform-react-jsx\node_modules\babel-helper-builder-react-jsx\node_modules\babel-types\node_modules\babel-traverse\node_modules\babylon\lib\plugins
On Windows, paths must be less than 248 characters for directories and 260 characters for files. This path has 263 characters. Skipping E:\GIT FILES\Sites\bubble\dist\node_modules\react-jsx\node_modules\babel-preset-react\node_modules\babel-plugin-transform-react-jsx\node_modules\babel-helper-builder-react-jsx\node_modules\babel-types\node_modules\babel-traverse\node_modules\babylon\lib\tokenizer
On Windows, paths must be less than 248 characters for directories and 260 characters for files. This path has 262 characters. Skipping E:\GIT FILES\Sites\bubble\dist\node_modules\react-jsx\node_modules\babel-preset-react\node_modules\babel-plugin-transform-react-jsx\node_modules\babel-helper-builder-react-jsx\node_modules\babel-types\node_modules\babel-traverse\node_modules\babylon\package.json
On Windows, paths must be less than 248 characters for directories and 260 characters for files. This path has 262 characters. Skipping E:\GIT FILES\Sites\bubble\dist\node_modules\react-jsx\node_modules\babel-preset-react\node_modules\babel-plugin-transform-react-jsx\node_modules\babel-helper-builder-react-jsx\node_modules\babel-types\node_modules\babel-traverse\node_modules\debug\component.json
On Windows, paths must be less than 248 characters for directories and 260 characters for files. This path has 260 characters. Skipping E:\GIT FILES\Sites\bubble\dist\node_modules\react-jsx\node_modules\babel-preset-react\node_modules\babel-plugin-transform-react-jsx\node_modules\babel-helper-builder-react-jsx\node_modules\babel-types\node_modules\babel-traverse\node_modules\debug\node_modules
On Windows, paths must be less than 248 characters for directories and 260 characters for files. This path has 260 characters. Skipping E:\GIT FILES\Sites\bubble\dist\node_modules\react-jsx\node_modules\babel-preset-react\node_modules\babel-plugin-transform-react-jsx\node_modules\babel-helper-builder-react-jsx\node_modules\babel-types\node_modules\babel-traverse\node_modules\debug\package.json
On Windows, paths must be less than 248 characters for directories and 260 characters for files. This path has 262 characters. Skipping E:\GIT FILES\Sites\bubble\dist\node_modules\react-jsx\node_modules\babel-preset-react\node_modules\babel-plugin-transform-react-jsx\node_modules\babel-helper-builder-react-jsx\node_modules\babel-types\node_modules\babel-traverse\node_modules\globals\globals.json
On Windows, paths must be less than 248 characters for directories and 260 characters for files. This path has 262 characters. Skipping E:\GIT FILES\Sites\bubble\dist\node_modules\react-jsx\node_modules\babel-preset-react\node_modules\babel-plugin-transform-react-jsx\node_modules\babel-helper-builder-react-jsx\node_modules\babel-types\node_modules\babel-traverse\node_modules\globals\package.json
On Windows, paths must be less than 248 characters for directories and 260 characters for files. This path has 262 characters. Skipping E:\GIT FILES\Sites\bubble\dist\node_modules\react-jsx\node_modules\babel-preset-react\node_modules\babel-plugin-transform-react-jsx\node_modules\babel-helper-builder-react-jsx\node_modules\babel-types\node_modules\babel-traverse\node_modules\invariant\browser.js
On Windows, paths must be less than 248 characters for directories and 260 characters for files. This path has 264 characters. Skipping E:\GIT FILES\Sites\bubble\dist\node_modules\react-jsx\node_modules\babel-preset-react\node_modules\babel-plugin-transform-react-jsx\node_modules\babel-helper-builder-react-jsx\node_modules\babel-types\node_modules\babel-traverse\node_modules\invariant\CHANGELOG.md
On Windows, paths must be less than 248 characters for directories and 260 characters for files. This path has 264 characters. Skipping E:\GIT FILES\Sites\bubble\dist\node_modules\react-jsx\node_modules\babel-preset-react\node_modules\babel-plugin-transform-react-jsx\node_modules\babel-helper-builder-react-jsx\node_modules\babel-types\node_modules\babel-traverse\node_modules\invariant\invariant.js
On Windows, paths must be less than 248 characters for directories and 260 characters for files. This path has 264 characters. Skipping E:\GIT FILES\Sites\bubble\dist\node_modules\react-jsx\node_modules\babel-preset-react\node_modules\babel-plugin-transform-react-jsx\node_modules\babel-helper-builder-react-jsx\node_modules\babel-types\node_modules\babel-traverse\node_modules\invariant\node_modules
On Windows, paths must be less than 248 characters for directories and 260 characters for files. This path has 264 characters. Skipping E:\GIT FILES\Sites\bubble\dist\node_modules\react-jsx\node_modules\babel-preset-react\node_modules\babel-plugin-transform-react-jsx\node_modules\babel-helper-builder-react-jsx\node_modules\babel-types\node_modules\babel-traverse\node_modules\invariant\package.json
On Windows, paths must be less than 248 characters for directories and 260 characters for files. This path has 261 characters. Skipping E:\GIT FILES\Sites\bubble\dist\node_modules\react-jsx\node_modules\babel-preset-react\node_modules\babel-plugin-transform-react-jsx\node_modules\babel-helper-builder-react-jsx\node_modules\babel-types\node_modules\babel-traverse\node_modules\invariant\README.md
On Windows, paths must be less than 248 characters for directories and 260 characters for files. This path has 261 characters. Skipping E:\GIT FILES\Sites\bubble\node_modules\react-autocomplete-cli\node_modules\yargs\node_modules\read-pkg-up\node_modules\read-pkg\node_modules\normalize-package-data\node_modules\validate-npm-package-license\node_modules\spdx-correct\node_modules\spdx-license-ids
On Windows, paths must be less than 248 characters for directories and 260 characters for files. This path has 261 characters. Skipping E:\GIT FILES\Sites\bubble\node_modules\watch-babel\node_modules\babel-core\node_modules\regenerator\node_modules\defs\node_modules\yargs\node_modules\cliui\node_modules\center-align\node_modules\align-text\node_modules\kind-of\node_modules\is-buffer\.travis.yml
On Windows, paths must be less than 248 characters for directories and 260 characters for files. This path has 262 characters. Skipping E:\GIT FILES\Sites\bubble\node_modules\watch-babel\node_modules\babel-core\node_modules\regenerator\node_modules\defs\node_modules\yargs\node_modules\cliui\node_modules\center-align\node_modules\align-text\node_modules\kind-of\node_modules\is-buffer\package.json
On Windows, paths must be less than 248 characters for directories and 260 characters for files. This path has 263 characters. Skipping E:\GIT FILES\Sites\bubble\node_modules\watch-babel\node_modules\babel-core\node_modules\regenerator\node_modules\defs\node_modules\yargs\node_modules\cliui\node_modules\center-align\node_modules\align-text\node_modules\kind-of\node_modules\is-buffer\test\basic.js
On Windows, paths must be less than 248 characters for directories and 260 characters for files. This path has 260 characters. Skipping E:\GIT FILES\Sites\bubble\node_modules\watch-babel\node_modules\babel-core\node_modules\regenerator\node_modules\defs\node_modules\yargs\node_modules\cliui\node_modules\right-align\node_modules\align-text\node_modules\kind-of\node_modules\is-buffer\.travis.yml
On Windows, paths must be less than 248 characters for directories and 260 characters for files. This path has 261 characters. Skipping E:\GIT FILES\Sites\bubble\node_modules\watch-babel\node_modules\babel-core\node_modules\regenerator\node_modules\defs\node_modules\yargs\node_modules\cliui\node_modules\right-align\node_modules\align-text\node_modules\kind-of\node_modules\is-buffer\package.json
On Windows, paths must be less than 248 characters for directories and 260 characters for files. This path has 262 characters. Skipping E:\GIT FILES\Sites\bubble\node_modules\watch-babel\node_modules\babel-core\node_modules\regenerator\node_modules\defs\node_modules\yargs\node_modules\cliui\node_modules\right-align\node_modules\align-text\node_modules\kind-of\node_modules\is-buffer\test\basic.js
'flow-remove-types' is not recognized as an internal or external command,
operable program or batch file.
]
[1486454647854] [Tue, 07 Feb 2017 08:04:07 GMT] [error] [Command failed: C:\WINDOWS\system32\cmd.exe /s /c "npm run-script flow && flow-remove-types ./src/views/app.jsx > | browserify --debug -g | ./dist/public/js/bundle.js"
| was unexpected at this time.
]
[1486454647854] [Tue, 07 Feb 2017 08:04:07 GMT] [error] [Command failed: C:\WINDOWS\system32\cmd.exe /s /c "npm run-script flow && flow-remove-types ./src/views/app.jsx > | browserify --debug -g | uglifyjs > ./dist/public/js/bundle-live.js"
| was unexpected at this time.
]
[1486454691971] [Tue, 07 Feb 2017 08:04:51 GMT] [error] [Command failed: C:\WINDOWS\system32\cmd.exe /s /c "npm run-script flow && flow-remove-types ./src/views/app.jsx | browserify --debug -g | ./dist/public/js/bundle.js"
On Windows, paths must be less than 248 characters for directories and 260 characters for files. This path has 268 characters. Skipping E:\GIT FILES\Sites\bubble\dist\node_modules\react-jsx\node_modules\babel-preset-react\node_modules\babel-plugin-transform-react-jsx\node_modules\babel-helper-builder-react-jsx\node_modules\babel-types\node_modules\babel-traverse\lib\path\inference\inferer-reference.js
On Windows, paths must be less than 248 characters for directories and 260 characters for files. This path has 264 characters. Skipping E:\GIT FILES\Sites\bubble\dist\node_modules\react-jsx\node_modules\babel-preset-react\node_modules\babel-plugin-transform-react-jsx\node_modules\babel-helper-builder-react-jsx\node_modules\babel-types\node_modules\babel-traverse\node_modules\babylon\bin\babylon.js
On Windows, paths must be less than 248 characters for directories and 260 characters for files. This path has 282 characters. Skipping E:\GIT FILES\Sites\bubble\dist\node_modules\react-jsx\node_modules\babel-preset-react\node_modules\babel-plugin-transform-react-jsx\node_modules\babel-helper-builder-react-jsx\node_modules\babel-types\node_modules\babel-traverse\node_modules\babylon\bin\generate-identifier-regex.js
On Windows, paths must be less than 248 characters for directories and 260 characters for files. This path has 262 characters. Skipping E:\GIT FILES\Sites\bubble\dist\node_modules\react-jsx\node_modules\babel-preset-react\node_modules\babel-plugin-transform-react-jsx\node_modules\babel-helper-builder-react-jsx\node_modules\babel-types\node_modules\babel-traverse\node_modules\babylon\CHANGELOG.md
On Windows, paths must be less than 248 characters for directories and 260 characters for files. This path has 262 characters. Skipping E:\GIT FILES\Sites\bubble\dist\node_modules\react-jsx\node_modules\babel-preset-react\node_modules\babel-plugin-transform-react-jsx\node_modules\babel-helper-builder-react-jsx\node_modules\babel-types\node_modules\babel-traverse\node_modules\babylon\lib\index.js
On Windows, paths must be less than 248 characters for directories and 260 characters for files. This path has 264 characters. Skipping E:\GIT FILES\Sites\bubble\dist\node_modules\react-jsx\node_modules\babel-preset-react\node_modules\babel-plugin-transform-react-jsx\node_modules\babel-helper-builder-react-jsx\node_modules\babel-types\node_modules\babel-traverse\node_modules\babylon\lib\options.js
On Windows, paths must be less than 248 characters for directories and 260 characters for files. This path has 260 characters. Skipping E:\GIT FILES\Sites\bubble\dist\node_modules\react-jsx\node_modules\babel-preset-react\node_modules\babel-plugin-transform-react-jsx\node_modules\babel-helper-builder-react-jsx\node_modules\babel-types\node_modules\babel-traverse\node_modules\babylon\lib\parser
On Windows, paths must be less than 248 characters for directories and 260 characters for files. This path has 261 characters. Skipping E:\GIT FILES\Sites\bubble\dist\node_modules\react-jsx\node_modules\babel-preset-react\node_modules\babel-plugin-transform-react-jsx\node_modules\babel-helper-builder-react-jsx\node_modules\babel-types\node_modules\babel-traverse\node_modules\babylon\lib\plugins
On Windows, paths must be less than 248 characters for directories and 260 characters for files. This path has 263 characters. Skipping E:\GIT FILES\Sites\bubble\dist\node_modules\react-jsx\node_modules\babel-preset-react\node_modules\babel-plugin-transform-react-jsx\node_modules\babel-helper-builder-react-jsx\node_modules\babel-types\node_modules\babel-traverse\node_modules\babylon\lib\tokenizer
On Windows, paths must be less than 248 characters for directories and 260 characters for files. This path has 262 characters. Skipping E:\GIT FILES\Sites\bubble\dist\node_modules\react-jsx\node_modules\babel-preset-react\node_modules\babel-plugin-transform-react-jsx\node_modules\babel-helper-builder-react-jsx\node_modules\babel-types\node_modules\babel-traverse\node_modules\babylon\package.json
On Windows, paths must be less than 248 characters for directories and 260 characters for files. This path has 262 characters. Skipping E:\GIT FILES\Sites\bubble\dist\node_modules\react-jsx\node_modules\babel-preset-react\node_modules\babel-plugin-transform-react-jsx\node_modules\babel-helper-builder-react-jsx\node_modules\babel-types\node_modules\babel-traverse\node_modules\debug\component.json
On Windows, paths must be less than 248 characters for directories and 260 characters for files. This path has 260 characters. Skipping E:\GIT FILES\Sites\bubble\dist\node_modules\react-jsx\node_modules\babel-preset-react\node_modules\babel-plugin-transform-react-jsx\node_modules\babel-helper-builder-react-jsx\node_modules\babel-types\node_modules\babel-traverse\node_modules\debug\node_modules
On Windows, paths must be less than 248 characters for directories and 260 characters for files. This path has 260 characters. Skipping E:\GIT FILES\Sites\bubble\dist\node_modules\react-jsx\node_modules\babel-preset-react\node_modules\babel-plugin-transform-react-jsx\node_modules\babel-helper-builder-react-jsx\node_modules\babel-types\node_modules\babel-traverse\node_modules\debug\package.json
On Windows, paths must be less than 248 characters for directories and 260 characters for files. This path has 262 characters. Skipping E:\GIT FILES\Sites\bubble\dist\node_modules\react-jsx\node_modules\babel-preset-react\node_modules\babel-plugin-transform-react-jsx\node_modules\babel-helper-builder-react-jsx\node_modules\babel-types\node_modules\babel-traverse\node_modules\globals\globals.json
On Windows, paths must be less than 248 characters for directories and 260 characters for files. This path has 262 characters. Skipping E:\GIT FILES\Sites\bubble\dist\node_modules\react-jsx\node_modules\babel-preset-react\node_modules\babel-plugin-transform-react-jsx\node_modules\babel-helper-builder-react-jsx\node_modules\babel-types\node_modules\babel-traverse\node_modules\globals\package.json
On Windows, paths must be less than 248 characters for directories and 260 characters for files. This path has 262 characters. Skipping E:\GIT FILES\Sites\bubble\dist\node_modules\react-jsx\node_modules\babel-preset-react\node_modules\babel-plugin-transform-react-jsx\node_modules\babel-helper-builder-react-jsx\node_modules\babel-types\node_modules\babel-traverse\node_modules\invariant\browser.js
On Windows, paths must be less than 248 characters for directories and 260 characters for files. This path has 264 characters. Skipping E:\GIT FILES\Sites\bubble\dist\node_modules\react-jsx\node_modules\babel-preset-react\node_modules\babel-plugin-transform-react-jsx\node_modules\babel-helper-builder-react-jsx\node_modules\babel-types\node_modules\babel-traverse\node_modules\invariant\CHANGELOG.md
On Windows, paths must be less than 248 characters for directories and 260 characters for files. This path has 264 characters. Skipping E:\GIT FILES\Sites\bubble\dist\node_modules\react-jsx\node_modules\babel-preset-react\node_modules\babel-plugin-transform-react-jsx\node_modules\babel-helper-builder-react-jsx\node_modules\babel-types\node_modules\babel-traverse\node_modules\invariant\invariant.js
On Windows, paths must be less than 248 characters for directories and 260 characters for files. This path has 264 characters. Skipping E:\GIT FILES\Sites\bubble\dist\node_modules\react-jsx\node_modules\babel-preset-react\node_modules\babel-plugin-transform-react-jsx\node_modules\babel-helper-builder-react-jsx\node_modules\babel-types\node_modules\babel-traverse\node_modules\invariant\node_modules
On Windows, paths must be less than 248 characters for directories and 260 characters for files. This path has 264 characters. Skipping E:\GIT FILES\Sites\bubble\dist\node_modules\react-jsx\node_modules\babel-preset-react\node_modules\babel-plugin-transform-react-jsx\node_modules\babel-helper-builder-react-jsx\node_modules\babel-types\node_modules\babel-traverse\node_modules\invariant\package.json
On Windows, paths must be less than 248 characters for directories and 260 characters for files. This path has 261 characters. Skipping E:\GIT FILES\Sites\bubble\dist\node_modules\react-jsx\node_modules\babel-preset-react\node_modules\babel-plugin-transform-react-jsx\node_modules\babel-helper-builder-react-jsx\node_modules\babel-types\node_modules\babel-traverse\node_modules\invariant\README.md
On Windows, paths must be less than 248 characters for directories and 260 characters for files. This path has 261 characters. Skipping E:\GIT FILES\Sites\bubble\node_modules\react-autocomplete-cli\node_modules\yargs\node_modules\read-pkg-up\node_modules\read-pkg\node_modules\normalize-package-data\node_modules\validate-npm-package-license\node_modules\spdx-correct\node_modules\spdx-license-ids
On Windows, paths must be less than 248 characters for directories and 260 characters for files. This path has 261 characters. Skipping E:\GIT FILES\Sites\bubble\node_modules\watch-babel\node_modules\babel-core\node_modules\regenerator\node_modules\defs\node_modules\yargs\node_modules\cliui\node_modules\center-align\node_modules\align-text\node_modules\kind-of\node_modules\is-buffer\.travis.yml
On Windows, paths must be less than 248 characters for directories and 260 characters for files. This path has 262 characters. Skipping E:\GIT FILES\Sites\bubble\node_modules\watch-babel\node_modules\babel-core\node_modules\regenerator\node_modules\defs\node_modules\yargs\node_modules\cliui\node_modules\center-align\node_modules\align-text\node_modules\kind-of\node_modules\is-buffer\package.json
On Windows, paths must be less than 248 characters for directories and 260 characters for files. This path has 263 characters. Skipping E:\GIT FILES\Sites\bubble\node_modules\watch-babel\node_modules\babel-core\node_modules\regenerator\node_modules\defs\node_modules\yargs\node_modules\cliui\node_modules\center-align\node_modules\align-text\node_modules\kind-of\node_modules\is-buffer\test\basic.js
On Windows, paths must be less than 248 characters for directories and 260 characters for files. This path has 260 characters. Skipping E:\GIT FILES\Sites\bubble\node_modules\watch-babel\node_modules\babel-core\node_modules\regenerator\node_modules\defs\node_modules\yargs\node_modules\cliui\node_modules\right-align\node_modules\align-text\node_modules\kind-of\node_modules\is-buffer\.travis.yml
On Windows, paths must be less than 248 characters for directories and 260 characters for files. This path has 261 characters. Skipping E:\GIT FILES\Sites\bubble\node_modules\watch-babel\node_modules\babel-core\node_modules\regenerator\node_modules\defs\node_modules\yargs\node_modules\cliui\node_modules\right-align\node_modules\align-text\node_modules\kind-of\node_modules\is-buffer\package.json
On Windows, paths must be less than 248 characters for directories and 260 characters for files. This path has 262 characters. Skipping E:\GIT FILES\Sites\bubble\node_modules\watch-babel\node_modules\babel-core\node_modules\regenerator\node_modules\defs\node_modules\yargs\node_modules\cliui\node_modules\right-align\node_modules\align-text\node_modules\kind-of\node_modules\is-buffer\test\basic.js
'flow-remove-types' is not recognized as an internal or external command,
operable program or batch file.
]
[1486454691986] [Tue, 07 Feb 2017 08:04:51 GMT] [error] [Command failed: C:\WINDOWS\system32\cmd.exe /s /c "npm run-script flow && flow-remove-types ./src/views/app.jsx | browserify --debug -g | uglifyjs > ./dist/public/js/bundle-live.js"
On Windows, paths must be less than 248 characters for directories and 260 characters for files. This path has 268 characters. Skipping E:\GIT FILES\Sites\bubble\dist\node_modules\react-jsx\node_modules\babel-preset-react\node_modules\babel-plugin-transform-react-jsx\node_modules\babel-helper-builder-react-jsx\node_modules\babel-types\node_modules\babel-traverse\lib\path\inference\inferer-reference.js
On Windows, paths must be less than 248 characters for directories and 260 characters for files. This path has 264 characters. Skipping E:\GIT FILES\Sites\bubble\dist\node_modules\react-jsx\node_modules\babel-preset-react\node_modules\babel-plugin-transform-react-jsx\node_modules\babel-helper-builder-react-jsx\node_modules\babel-types\node_modules\babel-traverse\node_modules\babylon\bin\babylon.js
On Windows, paths must be less than 248 characters for directories and 260 characters for files. This path has 282 characters. Skipping E:\GIT FILES\Sites\bubble\dist\node_modules\react-jsx\node_modules\babel-preset-react\node_modules\babel-plugin-transform-react-jsx\node_modules\babel-helper-builder-react-jsx\node_modules\babel-types\node_modules\babel-traverse\node_modules\babylon\bin\generate-identifier-regex.js
On Windows, paths must be less than 248 characters for directories and 260 characters for files. This path has 262 characters. Skipping E:\GIT FILES\Sites\bubble\dist\node_modules\react-jsx\node_modules\babel-preset-react\node_modules\babel-plugin-transform-react-jsx\node_modules\babel-helper-builder-react-jsx\node_modules\babel-types\node_modules\babel-traverse\node_modules\babylon\CHANGELOG.md
On Windows, paths must be less than 248 characters for directories and 260 characters for files. This path has 262 characters. Skipping E:\GIT FILES\Sites\bubble\dist\node_modules\react-jsx\node_modules\babel-preset-react\node_modules\babel-plugin-transform-react-jsx\node_modules\babel-helper-builder-react-jsx\node_modules\babel-types\node_modules\babel-traverse\node_modules\babylon\lib\index.js
On Windows, paths must be less than 248 characters for directories and 260 characters for files. This path has 264 characters. Skipping E:\GIT FILES\Sites\bubble\dist\node_modules\react-jsx\node_modules\babel-preset-react\node_modules\babel-plugin-transform-react-jsx\node_modules\babel-helper-builder-react-jsx\node_modules\babel-types\node_modules\babel-traverse\node_modules\babylon\lib\options.js
On Windows, paths must be less than 248 characters for directories and 260 characters for files. This path has 260 characters. Skipping E:\GIT FILES\Sites\bubble\dist\node_modules\react-jsx\node_modules\babel-preset-react\node_modules\babel-plugin-transform-react-jsx\node_modules\babel-helper-builder-react-jsx\node_modules\babel-types\node_modules\babel-traverse\node_modules\babylon\lib\parser
On Windows, paths must be less than 248 characters for directories and 260 characters for files. This path has 261 characters. Skipping E:\GIT FILES\Sites\bubble\dist\node_modules\react-jsx\node_modules\babel-preset-react\node_modules\babel-plugin-transform-react-jsx\node_modules\babel-helper-builder-react-jsx\node_modules\babel-types\node_modules\babel-traverse\node_modules\babylon\lib\plugins
On Windows, paths must be less than 248 characters for directories and 260 characters for files. This path has 263 characters. Skipping E:\GIT FILES\Sites\bubble\dist\node_modules\react-jsx\node_modules\babel-preset-react\node_modules\babel-plugin-transform-react-jsx\node_modules\babel-helper-builder-react-jsx\node_modules\babel-types\node_modules\babel-traverse\node_modules\babylon\lib\tokenizer
On Windows, paths must be less than 248 characters for directories and 260 characters for files. This path has 262 characters. Skipping E:\GIT FILES\Sites\bubble\dist\node_modules\react-jsx\node_modules\babel-preset-react\node_modules\babel-plugin-transform-react-jsx\node_modules\babel-helper-builder-react-jsx\node_modules\babel-types\node_modules\babel-traverse\node_modules\babylon\package.json
On Windows, paths must be less than 248 characters for directories and 260 characters for files. This path has 262 characters. Skipping E:\GIT FILES\Sites\bubble\dist\node_modules\react-jsx\node_modules\babel-preset-react\node_modules\babel-plugin-transform-react-jsx\node_modules\babel-helper-builder-react-jsx\node_modules\babel-types\node_modules\babel-traverse\node_modules\debug\component.json
On Windows, paths must be less than 248 characters for directories and 260 characters for files. This path has 260 characters. Skipping E:\GIT FILES\Sites\bubble\dist\node_modules\react-jsx\node_modules\babel-preset-react\node_modules\babel-plugin-transform-react-jsx\node_modules\babel-helper-builder-react-jsx\node_modules\babel-types\node_modules\babel-traverse\node_modules\debug\node_modules
On Windows, paths must be less than 248 characters for directories and 260 characters for files. This path has 260 characters. Skipping E:\GIT FILES\Sites\bubble\dist\node_modules\react-jsx\node_modules\babel-preset-react\node_modules\babel-plugin-transform-react-jsx\node_modules\babel-helper-builder-react-jsx\node_modules\babel-types\node_modules\babel-traverse\node_modules\debug\package.json
On Windows, paths must be less than 248 characters for directories and 260 characters for files. This path has 262 characters. Skipping E:\GIT FILES\Sites\bubble\dist\node_modules\react-jsx\node_modules\babel-preset-react\node_modules\babel-plugin-transform-react-jsx\node_modules\babel-helper-builder-react-jsx\node_modules\babel-types\node_modules\babel-traverse\node_modules\globals\globals.json
On Windows, paths must be less than 248 characters for directories and 260 characters for files. This path has 262 characters. Skipping E:\GIT FILES\Sites\bubble\dist\node_modules\react-jsx\node_modules\babel-preset-react\node_modules\babel-plugin-transform-react-jsx\node_modules\babel-helper-builder-react-jsx\node_modules\babel-types\node_modules\babel-traverse\node_modules\globals\package.json
On Windows, paths must be less than 248 characters for directories and 260 characters for files. This path has 262 characters. Skipping E:\GIT FILES\Sites\bubble\dist\node_modules\react-jsx\node_modules\babel-preset-react\node_modules\babel-plugin-transform-react-jsx\node_modules\babel-helper-builder-react-jsx\node_modules\babel-types\node_modules\babel-traverse\node_modules\invariant\browser.js
On Windows, paths must be less than 248 characters for directories and 260 characters for files. This path has 264 characters. Skipping E:\GIT FILES\Sites\bubble\dist\node_modules\react-jsx\node_modules\babel-preset-react\node_modules\babel-plugin-transform-react-jsx\node_modules\babel-helper-builder-react-jsx\node_modules\babel-types\node_modules\babel-traverse\node_modules\invariant\CHANGELOG.md
On Windows, paths must be less than 248 characters for directories and 260 characters for files. This path has 264 characters. Skipping E:\GIT FILES\Sites\bubble\dist\node_modules\react-jsx\node_modules\babel-preset-react\node_modules\babel-plugin-transform-react-jsx\node_modules\babel-helper-builder-react-jsx\node_modules\babel-types\node_modules\babel-traverse\node_modules\invariant\invariant.js
On Windows, paths must be less than 248 characters for directories and 260 characters for files. This path has 264 characters. Skipping E:\GIT FILES\Sites\bubble\dist\node_modules\react-jsx\node_modules\babel-preset-react\node_modules\babel-plugin-transform-react-jsx\node_modules\babel-helper-builder-react-jsx\node_modules\babel-types\node_modules\babel-traverse\node_modules\invariant\node_modules
On Windows, paths must be less than 248 characters for directories and 260 characters for files. This path has 264 characters. Skipping E:\GIT FILES\Sites\bubble\dist\node_modules\react-jsx\node_modules\babel-preset-react\node_modules\babel-plugin-transform-react-jsx\node_modules\babel-helper-builder-react-jsx\node_modules\babel-types\node_modules\babel-traverse\node_modules\invariant\package.json
On Windows, paths must be less than 248 characters for directories and 260 characters for files. This path has 261 characters. Skipping E:\GIT FILES\Sites\bubble\dist\node_modules\react-jsx\node_modules\babel-preset-react\node_modules\babel-plugin-transform-react-jsx\node_modules\babel-helper-builder-react-jsx\node_modules\babel-types\node_modules\babel-traverse\node_modules\invariant\README.md
On Windows, paths must be less than 248 characters for directories and 260 characters for files. This path has 261 characters. Skipping E:\GIT FILES\Sites\bubble\node_modules\react-autocomplete-cli\node_modules\yargs\node_modules\read-pkg-up\node_modules\read-pkg\node_modules\normalize-package-data\node_modules\validate-npm-package-license\node_modules\spdx-correct\node_modules\spdx-license-ids
On Windows, paths must be less than 248 characters for directories and 260 characters for files. This path has 261 characters. Skipping E:\GIT FILES\Sites\bubble\node_modules\watch-babel\node_modules\babel-core\node_modules\regenerator\node_modules\defs\node_modules\yargs\node_modules\cliui\node_modules\center-align\node_modules\align-text\node_modules\kind-of\node_modules\is-buffer\.travis.yml
On Windows, paths must be less than 248 characters for directories and 260 characters for files. This path has 262 characters. Skipping E:\GIT FILES\Sites\bubble\node_modules\watch-babel\node_modules\babel-core\node_modules\regenerator\node_modules\defs\node_modules\yargs\node_modules\cliui\node_modules\center-align\node_modules\align-text\node_modules\kind-of\node_modules\is-buffer\package.json
On Windows, paths must be less than 248 characters for directories and 260 characters for files. This path has 263 characters. Skipping E:\GIT FILES\Sites\bubble\node_modules\watch-babel\node_modules\babel-core\node_modules\regenerator\node_modules\defs\node_modules\yargs\node_modules\cliui\node_modules\center-align\node_modules\align-text\node_modules\kind-of\node_modules\is-buffer\test\basic.js
On Windows, paths must be less than 248 characters for directories and 260 characters for files. This path has 260 characters. Skipping E:\GIT FILES\Sites\bubble\node_modules\watch-babel\node_modules\babel-core\node_modules\regenerator\node_modules\defs\node_modules\yargs\node_modules\cliui\node_modules\right-align\node_modules\align-text\node_modules\kind-of\node_modules\is-buffer\.travis.yml
On Windows, paths must be less than 248 characters for directories and 260 characters for files. This path has 261 characters. Skipping E:\GIT FILES\Sites\bubble\node_modules\watch-babel\node_modules\babel-core\node_modules\regenerator\node_modules\defs\node_modules\yargs\node_modules\cliui\node_modules\right-align\node_modules\align-text\node_modules\kind-of\node_modules\is-buffer\package.json
On Windows, paths must be less than 248 characters for directories and 260 characters for files. This path has 262 characters. Skipping E:\GIT FILES\Sites\bubble\node_modules\watch-babel\node_modules\babel-core\node_modules\regenerator\node_modules\defs\node_modules\yargs\node_modules\cliui\node_modules\right-align\node_modules\align-text\node_modules\kind-of\node_modules\is-buffer\test\basic.js
'flow-remove-types' is not recognized as an internal or external command,
operable program or batch file.
]
[1486473762226] [Tue, 07 Feb 2017 13:22:42 GMT] [error] [Command failed: C:\WINDOWS\system32\cmd.exe /s /c "browserify ./dist/views/app.jsx --debug -g [ envify --NODE_ENV 'production' ] | uglifyjs > ./dist/public/js/bundle-live.js"
The process cannot access the file because it is being used by another process.
]
[1486477342492] [Tue, 07 Feb 2017 14:22:22 GMT] [error] [Command failed: C:\WINDOWS\system32\cmd.exe /s /c "browserify ./dist/views/app.jsx --debug -g [ envify --NODE_ENV 'production' ] | uglifyjs > ./dist/public/js/bundle-live.js"
The process cannot access the file because it is being used by another process.
]
[1486891390217] [Sun, 12 Feb 2017 09:23:10 GMT] [error] [Command failed: C:\WINDOWS\system32\cmd.exe /s /c "browserify ./dist/views/app.jsx --debug -g [ envify --NODE_ENV 'production' ] | uglifyjs > ./dist/public/js/bundle-live.js"
The process cannot access the file because it is being used by another process.
]
[1486944606471] [Mon, 13 Feb 2017 00:10:06 GMT] [error] [Command failed: C:\WINDOWS\system32\cmd.exe /s /c "browserify ./dist/views/app.jsx --debug -g [ envify --NODE_ENV 'production' ] | uglifyjs > ./dist/public/js/bundle-live.js"
The process cannot access the file because it is being used by another process.
]
[1486944944814] [Mon, 13 Feb 2017 00:15:44 GMT] [error] [Command failed: C:\WINDOWS\system32\cmd.exe /s /c "browserify ./dist/views/app.jsx --debug -g [ envify --NODE_ENV 'production' ] | uglifyjs > ./dist/public/js/bundle-live.js"
The process cannot access the file because it is being used by another process.
]
[1487074519793] [Tue, 14 Feb 2017 12:15:19 GMT] [error] [stderr maxBuffer exceeded]
[1487128636062] [Wed, 15 Feb 2017 03:17:16 GMT] [error] [Command failed: C:\WINDOWS\system32\cmd.exe /s /c "browserify ./dist/views/app.jsx --debug -g [ envify --NODE_ENV 'production' ] | uglifyjs > ./dist/public/js/bundle-live.js"
The process cannot access the file because it is being used by another process.
]
[1487138681415] [Wed, 15 Feb 2017 06:04:41 GMT] [error] [Command failed: C:\WINDOWS\system32\cmd.exe /s /c "browserify ./dist/views/app.jsx --debug -g [ envify --NODE_ENV 'production' ] | uglifyjs > ./dist/public/js/bundle-live.js"
The process cannot access the file because it is being used by another process.
]
[1487146232387] [Wed, 15 Feb 2017 08:10:32 GMT] [error] [Command failed: C:\WINDOWS\system32\cmd.exe /s /c "browserify ./dist/views/app.jsx --debug -o ./dist/public/js/bundle.js"
Error: Cannot find module '../../../modules/client/helper-tools' from 'E:\GIT FILES\Sites\bubble\dist\views\jsx'
    at C:\Users\trash\AppData\Roaming\npm\node_modules\browserify\node_modules\resolve\lib\async.js:55:21
    at load (C:\Users\trash\AppData\Roaming\npm\node_modules\browserify\node_modules\resolve\lib\async.js:69:43)
    at onex (C:\Users\trash\AppData\Roaming\npm\node_modules\browserify\node_modules\resolve\lib\async.js:92:31)
    at C:\Users\trash\AppData\Roaming\npm\node_modules\browserify\node_modules\resolve\lib\async.js:22:47
    at FSReqWrap.oncomplete (fs.js:82:15)
]
[1487147893792] [Wed, 15 Feb 2017 08:38:13 GMT] [error] [Command failed: C:\WINDOWS\system32\cmd.exe /s /c "browserify ./dist/views/app.jsx --debug -g [ envify --NODE_ENV 'production' ] | uglifyjs > ./dist/public/js/bundle-live.js"
The process cannot access the file because it is being used by another process.
]
[1487218080288] [Thu, 16 Feb 2017 04:08:00 GMT] [error] [Command failed: C:\WINDOWS\system32\cmd.exe /s /c "browserify ./dist/views/app.jsx --debug -g [ envify --NODE_ENV 'production' ] | uglifyjs > ./dist/public/js/bundle-live.js"
The process cannot access the file because it is being used by another process.
]
[1487220448755] [Thu, 16 Feb 2017 04:47:28 GMT] [error] [Command failed: C:\WINDOWS\system32\cmd.exe /s /c "browserify ./dist/views/app.jsx --debug -g [ envify --NODE_ENV 'production' ] | uglifyjs > ./dist/public/js/bundle-live.js"
The process cannot access the file because it is being used by another process.
]
[1487249720321] [Thu, 16 Feb 2017 12:55:20 GMT] [error] [Command failed: C:\WINDOWS\system32\cmd.exe /s /c "browserify ./dist/views/app.jsx --debug -g [ envify --NODE_ENV 'production' ] | uglifyjs > ./dist/public/js/bundle-live.js"
The process cannot access the file because it is being used by another process.
]
[1487905018245] [Fri, 24 Feb 2017 02:56:58 GMT] [error] [stderr maxBuffer exceeded]
[1487922105916] [Fri, 24 Feb 2017 07:41:45 GMT] [error] [stderr maxBuffer exceeded]
[1487933754134] [Fri, 24 Feb 2017 10:55:54 GMT] [error] [Command failed: C:\WINDOWS\system32\cmd.exe /s /c "browserify ./dist/views/app.jsx --debug -g [ envify --NODE_ENV 'production' ] | uglifyjs > ./dist/public/js/bundle-live.js"
The process cannot access the file because it is being used by another process.
]
[1487933860874] [Fri, 24 Feb 2017 10:57:40 GMT] [error] [Command failed: C:\WINDOWS\system32\cmd.exe /s /c "browserify ./dist/views/app.jsx --debug -g [ envify --NODE_ENV 'production' ] | uglifyjs > ./dist/public/js/bundle-live.js"
The process cannot access the file because it is being used by another process.
]
[1488215789820] [Mon, 27 Feb 2017 17:16:29 GMT] [error] [Command failed: C:\WINDOWS\system32\cmd.exe /s /c "browserify ./dist/views/app.jsx --debug -o ./dist/public/js/bundle.js"
Error: Cannot find module '../../../helper-tools' from 'E:\GIT FILES\Sites\bubble\dist\views\jsx\components'
    at C:\Users\trash\AppData\Roaming\npm\node_modules\browserify\node_modules\resolve\lib\async.js:55:21
    at load (C:\Users\trash\AppData\Roaming\npm\node_modules\browserify\node_modules\resolve\lib\async.js:69:43)
    at onex (C:\Users\trash\AppData\Roaming\npm\node_modules\browserify\node_modules\resolve\lib\async.js:92:31)
    at C:\Users\trash\AppData\Roaming\npm\node_modules\browserify\node_modules\resolve\lib\async.js:22:47
    at FSReqWrap.oncomplete (fs.js:82:15)
]
[1488215797842] [Mon, 27 Feb 2017 17:16:37 GMT] [error] [Command failed: C:\WINDOWS\system32\cmd.exe /s /c "browserify ./dist/views/app.jsx --debug -o ./dist/public/js/bundle.js"
Error: Cannot find module '../../../../helper-tools' from 'E:\GIT FILES\Sites\bubble\dist\views\jsx\components'
    at C:\Users\trash\AppData\Roaming\npm\node_modules\browserify\node_modules\resolve\lib\async.js:55:21
    at load (C:\Users\trash\AppData\Roaming\npm\node_modules\browserify\node_modules\resolve\lib\async.js:69:43)
    at onex (C:\Users\trash\AppData\Roaming\npm\node_modules\browserify\node_modules\resolve\lib\async.js:92:31)
    at C:\Users\trash\AppData\Roaming\npm\node_modules\browserify\node_modules\resolve\lib\async.js:22:47
    at FSReqWrap.oncomplete (fs.js:82:15)
]
[1488215806578] [Mon, 27 Feb 2017 17:16:46 GMT] [error] [Command failed: C:\WINDOWS\system32\cmd.exe /s /c "browserify ./dist/views/app.jsx --debug -o ./dist/public/js/bundle.js"
Error: Cannot find module '../../../../../helper-tools' from 'E:\GIT FILES\Sites\bubble\dist\views\jsx\components'
    at C:\Users\trash\AppData\Roaming\npm\node_modules\browserify\node_modules\resolve\lib\async.js:55:21
    at load (C:\Users\trash\AppData\Roaming\npm\node_modules\browserify\node_modules\resolve\lib\async.js:69:43)
    at onex (C:\Users\trash\AppData\Roaming\npm\node_modules\browserify\node_modules\resolve\lib\async.js:92:31)
    at C:\Users\trash\AppData\Roaming\npm\node_modules\browserify\node_modules\resolve\lib\async.js:22:47
    at FSReqWrap.oncomplete (fs.js:82:15)
]
[1488215826143] [Mon, 27 Feb 2017 17:17:06 GMT] [error] [Command failed: C:\WINDOWS\system32\cmd.exe /s /c "browserify ./dist/views/app.jsx --debug -o ./dist/public/js/bundle.js"
Error: Cannot find module '../../../../modules/client/helper-tools' from 'E:\GIT FILES\Sites\bubble\dist\views\jsx\components'
    at C:\Users\trash\AppData\Roaming\npm\node_modules\browserify\node_modules\resolve\lib\async.js:55:21
    at load (C:\Users\trash\AppData\Roaming\npm\node_modules\browserify\node_modules\resolve\lib\async.js:69:43)
    at onex (C:\Users\trash\AppData\Roaming\npm\node_modules\browserify\node_modules\resolve\lib\async.js:92:31)
    at C:\Users\trash\AppData\Roaming\npm\node_modules\browserify\node_modules\resolve\lib\async.js:22:47
    at FSReqWrap.oncomplete (fs.js:82:15)
]
[1488215832896] [Mon, 27 Feb 2017 17:17:12 GMT] [error] [Command failed: C:\WINDOWS\system32\cmd.exe /s /c "browserify ./dist/views/app.jsx --debug -o ./dist/public/js/bundle.js"
Error: Cannot find module '../../../../../modules/client/helper-tools' from 'E:\GIT FILES\Sites\bubble\dist\views\jsx\components'
    at C:\Users\trash\AppData\Roaming\npm\node_modules\browserify\node_modules\resolve\lib\async.js:55:21
    at load (C:\Users\trash\AppData\Roaming\npm\node_modules\browserify\node_modules\resolve\lib\async.js:69:43)
    at onex (C:\Users\trash\AppData\Roaming\npm\node_modules\browserify\node_modules\resolve\lib\async.js:92:31)
    at C:\Users\trash\AppData\Roaming\npm\node_modules\browserify\node_modules\resolve\lib\async.js:22:47
    at FSReqWrap.oncomplete (fs.js:82:15)
]
[1488226634526] [Mon, 27 Feb 2017 20:17:14 GMT] [error] [Command failed: C:\WINDOWS\system32\cmd.exe /s /c "browserify ./dist/views/app.jsx --debug -g [ envify --NODE_ENV 'production' ] | uglifyjs > ./dist/public/js/bundle-live.js"
The process cannot access the file because it is being used by another process.
]
[1488699141293] [Sun, 05 Mar 2017 07:32:21 GMT] [error] [stderr maxBuffer exceeded]
[1488700849278] [Sun, 05 Mar 2017 08:00:49 GMT] [error] [stderr maxBuffer exceeded]
[1488701488111] [Sun, 05 Mar 2017 08:11:28 GMT] [error] [stderr maxBuffer exceeded]
[1488779968687] [Mon, 06 Mar 2017 05:59:28 GMT] [error] [Command failed: C:\WINDOWS\system32\cmd.exe /s /c "browserify ./dist/views/app.jsx --debug -o ./dist/public/js/bundle.js"
Error: Cannot find module '../../../../modules/client/helper-tools' from 'E:\GIT FILES\Sites\bubble\dist\views\jsx\components'
    at C:\Users\trash\AppData\Roaming\npm\node_modules\browserify\node_modules\resolve\lib\async.js:55:21
    at load (C:\Users\trash\AppData\Roaming\npm\node_modules\browserify\node_modules\resolve\lib\async.js:69:43)
    at onex (C:\Users\trash\AppData\Roaming\npm\node_modules\browserify\node_modules\resolve\lib\async.js:92:31)
    at C:\Users\trash\AppData\Roaming\npm\node_modules\browserify\node_modules\resolve\lib\async.js:22:47
    at FSReqWrap.oncomplete (fs.js:82:15)
]
[1488780043962] [Mon, 06 Mar 2017 06:00:43 GMT] [error] [Command failed: C:\WINDOWS\system32\cmd.exe /s /c "browserify ./dist/views/app.jsx --debug -o ./dist/public/js/bundle.js"
Error: Cannot find module './list-items.jsx' from 'E:\GIT FILES\Sites\bubble\dist\views\jsx\components\user'
    at C:\Users\trash\AppData\Roaming\npm\node_modules\browserify\node_modules\resolve\lib\async.js:55:21
    at load (C:\Users\trash\AppData\Roaming\npm\node_modules\browserify\node_modules\resolve\lib\async.js:69:43)
    at onex (C:\Users\trash\AppData\Roaming\npm\node_modules\browserify\node_modules\resolve\lib\async.js:92:31)
    at C:\Users\trash\AppData\Roaming\npm\node_modules\browserify\node_modules\resolve\lib\async.js:22:47
    at FSReqWrap.oncomplete (fs.js:82:15)
]
[1488780062329] [Mon, 06 Mar 2017 06:01:02 GMT] [error] [Command failed: C:\WINDOWS\system32\cmd.exe /s /c "browserify ./dist/views/app.jsx --debug -o ./dist/public/js/bundle.js"
Error: Cannot find module './list-items.jsx' from 'E:\GIT FILES\Sites\bubble\dist\views\jsx\components\user'
    at C:\Users\trash\AppData\Roaming\npm\node_modules\browserify\node_modules\resolve\lib\async.js:55:21
    at load (C:\Users\trash\AppData\Roaming\npm\node_modules\browserify\node_modules\resolve\lib\async.js:69:43)
    at onex (C:\Users\trash\AppData\Roaming\npm\node_modules\browserify\node_modules\resolve\lib\async.js:92:31)
    at C:\Users\trash\AppData\Roaming\npm\node_modules\browserify\node_modules\resolve\lib\async.js:22:47
    at FSReqWrap.oncomplete (fs.js:82:15)
]
[1488780091118] [Mon, 06 Mar 2017 06:01:31 GMT] [error] [Command failed: C:\WINDOWS\system32\cmd.exe /s /c "browserify ./dist/views/app.jsx --debug -o ./dist/public/js/bundle.js"
Error: Cannot find module './list-items.jsx' from 'E:\GIT FILES\Sites\bubble\dist\views\jsx\components\user'
    at C:\Users\trash\AppData\Roaming\npm\node_modules\browserify\node_modules\resolve\lib\async.js:55:21
    at load (C:\Users\trash\AppData\Roaming\npm\node_modules\browserify\node_modules\resolve\lib\async.js:69:43)
    at onex (C:\Users\trash\AppData\Roaming\npm\node_modules\browserify\node_modules\resolve\lib\async.js:92:31)
    at C:\Users\trash\AppData\Roaming\npm\node_modules\browserify\node_modules\resolve\lib\async.js:22:47
    at FSReqWrap.oncomplete (fs.js:82:15)
]
[1488780098112] [Mon, 06 Mar 2017 06:01:38 GMT] [error] [Command failed: C:\WINDOWS\system32\cmd.exe /s /c "browserify ./dist/views/app.jsx --debug -o ./dist/public/js/bundle.js"
Error: Cannot find module './list-items.jsx' from 'E:\GIT FILES\Sites\bubble\dist\views\jsx\components\user'
    at C:\Users\trash\AppData\Roaming\npm\node_modules\browserify\node_modules\resolve\lib\async.js:55:21
    at load (C:\Users\trash\AppData\Roaming\npm\node_modules\browserify\node_modules\resolve\lib\async.js:69:43)
    at onex (C:\Users\trash\AppData\Roaming\npm\node_modules\browserify\node_modules\resolve\lib\async.js:92:31)
    at C:\Users\trash\AppData\Roaming\npm\node_modules\browserify\node_modules\resolve\lib\async.js:22:47
    at FSReqWrap.oncomplete (fs.js:82:15)
]
[1488780108523] [Mon, 06 Mar 2017 06:01:48 GMT] [error] [Command failed: C:\WINDOWS\system32\cmd.exe /s /c "browserify ./dist/views/app.jsx --debug -o ./dist/public/js/bundle.js"
Error: Cannot find module './list-items.jsx' from 'E:\GIT FILES\Sites\bubble\dist\views\jsx\components\user'
    at C:\Users\trash\AppData\Roaming\npm\node_modules\browserify\node_modules\resolve\lib\async.js:55:21
    at load (C:\Users\trash\AppData\Roaming\npm\node_modules\browserify\node_modules\resolve\lib\async.js:69:43)
    at onex (C:\Users\trash\AppData\Roaming\npm\node_modules\browserify\node_modules\resolve\lib\async.js:92:31)
    at C:\Users\trash\AppData\Roaming\npm\node_modules\browserify\node_modules\resolve\lib\async.js:22:47
    at FSReqWrap.oncomplete (fs.js:82:15)
]
[1488780114007] [Mon, 06 Mar 2017 06:01:54 GMT] [error] [Command failed: C:\WINDOWS\system32\cmd.exe /s /c "browserify ./dist/views/app.jsx --debug -o ./dist/public/js/bundle.js"
Error: Cannot find module '../../../../modules/client/helper-tools' from 'E:\GIT FILES\Sites\bubble\dist\views\jsx\components'
    at C:\Users\trash\AppData\Roaming\npm\node_modules\browserify\node_modules\resolve\lib\async.js:55:21
    at load (C:\Users\trash\AppData\Roaming\npm\node_modules\browserify\node_modules\resolve\lib\async.js:69:43)
    at onex (C:\Users\trash\AppData\Roaming\npm\node_modules\browserify\node_modules\resolve\lib\async.js:92:31)
    at C:\Users\trash\AppData\Roaming\npm\node_modules\browserify\node_modules\resolve\lib\async.js:22:47
    at FSReqWrap.oncomplete (fs.js:82:15)
]
[1488780255349] [Mon, 06 Mar 2017 06:04:15 GMT] [error] [Command failed: C:\WINDOWS\system32\cmd.exe /s /c "browserify ./dist/views/app.jsx --debug -o ./dist/public/js/bundle.js"
Error: Cannot find module '../hover-options.jsx' from 'E:\GIT FILES\Sites\bubble\dist\views\jsx\components'
    at C:\Users\trash\AppData\Roaming\npm\node_modules\browserify\node_modules\resolve\lib\async.js:55:21
    at load (C:\Users\trash\AppData\Roaming\npm\node_modules\browserify\node_modules\resolve\lib\async.js:69:43)
    at onex (C:\Users\trash\AppData\Roaming\npm\node_modules\browserify\node_modules\resolve\lib\async.js:92:31)
    at C:\Users\trash\AppData\Roaming\npm\node_modules\browserify\node_modules\resolve\lib\async.js:22:47
    at FSReqWrap.oncomplete (fs.js:82:15)
]
[1488780500250] [Mon, 06 Mar 2017 06:08:20 GMT] [error] [Command failed: C:\WINDOWS\system32\cmd.exe /s /c "browserify ./dist/views/app.jsx --debug -g [ envify --NODE_ENV 'production' ] | uglifyjs > ./dist/public/js/bundle-live.js"
The process cannot access the file because it is being used by another process.
]
[1488786800434] [Mon, 06 Mar 2017 07:53:20 GMT] [error] [Command failed: C:\WINDOWS\system32\cmd.exe /s /c "browserify ./dist/views/app.jsx --debug -g [ envify --NODE_ENV 'production' ] | uglifyjs > ./dist/public/js/bundle-live.js"
The process cannot access the file because it is being used by another process.
]
[1488793940195] [Mon, 06 Mar 2017 09:52:20 GMT] [error] [stderr maxBuffer exceeded]
[1488797360558] [Mon, 06 Mar 2017 10:49:20 GMT] [error] [Command failed: C:\WINDOWS\system32\cmd.exe /s /c "browserify ./dist/views/app.jsx --debug -g [ envify --NODE_ENV 'production' ] | uglifyjs > ./dist/public/js/bundle-live.js"
The process cannot access the file because it is being used by another process.
]
[1488798576509] [Mon, 06 Mar 2017 11:09:36 GMT] [error] [stderr maxBuffer exceeded]
[1490602631773] [Mon, 27 Mar 2017 08:17:11 GMT] [error] [Command failed: C:\WINDOWS\system32\cmd.exe /s /c "browserify ./dist/views/app.jsx --debug -g [ envify --NODE_ENV 'production' ] | uglifyjs > ./dist/public/js/bundle-live.js"
The process cannot access the file because it is being used by another process.
]
[1490606140363] [Mon, 27 Mar 2017 09:15:40 GMT] [error] [Command failed: C:\WINDOWS\system32\cmd.exe /s /c "browserify ./dist/views/app.jsx --debug -g [ envify --NODE_ENV 'production' ] | uglifyjs > ./dist/public/js/bundle-live.js"
The process cannot access the file because it is being used by another process.
]
[1490609996575] [Mon, 27 Mar 2017 10:19:56 GMT] [error] [Command failed: C:\WINDOWS\system32\cmd.exe /s /c "browserify ./dist/views/app.jsx --debug -g [ envify --NODE_ENV 'production' ] | uglifyjs > ./dist/public/js/bundle-live.js"
The process cannot access the file because it is being used by another process.
]
[1490613094986] [Mon, 27 Mar 2017 11:11:34 GMT] [error] [Command failed: C:\WINDOWS\system32\cmd.exe /s /c "browserify ./dist/views/app.jsx --debug -g [ envify --NODE_ENV 'production' ] | uglifyjs > ./dist/public/js/bundle-live.js"
The process cannot access the file because it is being used by another process.
]
[1490617097906] [Mon, 27 Mar 2017 12:18:17 GMT] [error] [stderr maxBuffer exceeded]
[1490995504622] [Fri, 31 Mar 2017 21:25:04 GMT] [error] [Command failed: C:\WINDOWS\system32\cmd.exe /s /c "browserify ./dist/views/app.jsx --debug -g [ envify --NODE_ENV 'production' ] | uglifyjs > ./dist/public/js/bundle-live.js"
The process cannot access the file because it is being used by another process.
]
[1492205235557] [Fri, 14 Apr 2017 21:27:15 GMT] [error] [Command failed: C:\WINDOWS\system32\cmd.exe /s /c "browserify ./dist/views/app.jsx --debug -g [ envify --NODE_ENV 'production' ] | uglifyjs > ./dist/public/js/bundle-live.js"
The process cannot access the file because it is being used by another process.
]
[1492214823023] [Sat, 15 Apr 2017 00:07:03 GMT] [error] [stderr maxBuffer exceeded]
[1492215791112] [Sat, 15 Apr 2017 00:23:11 GMT] [error] [stderr maxBuffer exceeded]
[1492218611696] [Sat, 15 Apr 2017 01:10:11 GMT] [error] [stderr maxBuffer exceeded]
[1494395574901] [Wed, 10 May 2017 05:52:54 GMT] [error] [stderr maxBuffer exceeded]
[1498515979555] [Mon, 26 Jun 2017 22:26:19 GMT] [error] [Command failed: browserify ./dist/views/app.jsx --debug -g [ envify --NODE_ENV 'production' ] | uglifyjs > ./dist/public/js/bundle-live.js
The process cannot access the file because it is being used by another process.
]
[1498775387100] [Thu, 29 Jun 2017 22:29:47 GMT] [error] [Command failed: browserify ./dist/views/app.jsx --debug -g [ envify --NODE_ENV 'production' ] | uglifyjs > ./dist/public/js/bundle-live.js
The process cannot access the file because it is being used by another process.
]
[1498776010014] [Thu, 29 Jun 2017 22:40:10 GMT] [error] [Command failed: browserify ./dist/views/app.jsx --debug -g [ envify --NODE_ENV 'production' ] | uglifyjs > ./dist/public/js/bundle-live.js
The process cannot access the file because it is being used by another process.
]
